{"/Users/wilson/Documents/5. Projects/7.1.Web_Warehousing/components/LoginForm.tsx": {"path":"/Users/wilson/Documents/5. Projects/7.1.Web_Warehousing/components/LoginForm.tsx","statementMap":{"0":{"start":{"line":15,"column":24},"end":{"line":15,"column":null}},"1":{"start":{"line":3,"column":25},"end":{"line":3,"column":null}},"2":{"start":{"line":4,"column":24},"end":{"line":4,"column":null}},"3":{"start":{"line":5,"column":28},"end":{"line":5,"column":null}},"4":{"start":{"line":6,"column":26},"end":{"line":6,"column":null}},"5":{"start":{"line":7,"column":48},"end":{"line":7,"column":null}},"6":{"start":{"line":8,"column":33},"end":{"line":8,"column":null}},"7":{"start":{"line":13,"column":7},"end":{"line":13,"column":null}},"8":{"start":{"line":16,"column":42},"end":{"line":16,"column":null}},"9":{"start":{"line":17,"column":42},"end":{"line":17,"column":null}},"10":{"start":{"line":18,"column":38},"end":{"line":18,"column":null}},"11":{"start":{"line":19,"column":34},"end":{"line":19,"column":null}},"12":{"start":{"line":20,"column":17},"end":{"line":20,"column":null}},"13":{"start":{"line":29,"column":6},"end":{"line":36,"column":null}},"14":{"start":{"line":39,"column":19},"end":{"line":39,"column":null}},"15":{"start":{"line":40,"column":19},"end":{"line":40,"column":null}},"16":{"start":{"line":43,"column":22},"end":{"line":43,"column":null}},"17":{"start":{"line":44,"column":30},"end":{"line":44,"column":null}},"18":{"start":{"line":46,"column":35},"end":{"line":48,"column":null}},"19":{"start":{"line":47,"column":4},"end":{"line":47,"column":null}},"20":{"start":{"line":50,"column":19},"end":{"line":121,"column":null}},"21":{"start":{"line":52,"column":4},"end":{"line":52,"column":null}},"22":{"start":{"line":53,"column":4},"end":{"line":53,"column":null}},"23":{"start":{"line":54,"column":4},"end":{"line":54,"column":null}},"24":{"start":{"line":59,"column":4},"end":{"line":120,"column":null}},"25":{"start":{"line":61,"column":23},"end":{"line":61,"column":null}},"26":{"start":{"line":64,"column":6},"end":{"line":86,"column":null}},"27":{"start":{"line":66,"column":8},"end":{"line":66,"column":null}},"28":{"start":{"line":69,"column":8},"end":{"line":73,"column":null}},"29":{"start":{"line":71,"column":10},"end":{"line":71,"column":null}},"30":{"start":{"line":72,"column":10},"end":{"line":72,"column":null}},"31":{"start":{"line":79,"column":26},"end":{"line":79,"column":null}},"32":{"start":{"line":80,"column":8},"end":{"line":85,"column":null}},"33":{"start":{"line":81,"column":10},"end":{"line":81,"column":null}},"34":{"start":{"line":82,"column":10},"end":{"line":82,"column":null}},"35":{"start":{"line":84,"column":10},"end":{"line":84,"column":null}},"36":{"start":{"line":89,"column":6},"end":{"line":119,"column":null}},"37":{"start":{"line":91,"column":8},"end":{"line":99,"column":null}},"38":{"start":{"line":92,"column":10},"end":{"line":92,"column":null}},"39":{"start":{"line":93,"column":10},"end":{"line":94,"column":null}},"40":{"start":{"line":97,"column":10},"end":{"line":97,"column":null}},"41":{"start":{"line":98,"column":10},"end":{"line":98,"column":null}},"42":{"start":{"line":103,"column":10},"end":{"line":104,"column":null}},"43":{"start":{"line":105,"column":8},"end":{"line":105,"column":null}},"44":{"start":{"line":108,"column":8},"end":{"line":115,"column":null}},"45":{"start":{"line":109,"column":10},"end":{"line":109,"column":null}},"46":{"start":{"line":111,"column":10},"end":{"line":111,"column":null}},"47":{"start":{"line":114,"column":10},"end":{"line":114,"column":null}},"48":{"start":{"line":118,"column":8},"end":{"line":118,"column":null}},"49":{"start":{"line":123,"column":23},"end":{"line":125,"column":null}},"50":{"start":{"line":124,"column":4},"end":{"line":124,"column":null}},"51":{"start":{"line":128,"column":24},"end":{"line":135,"column":null}},"52":{"start":{"line":131,"column":4},"end":{"line":134,"column":null}}},"fnMap":{"0":{"name":"LoginForm","decl":{"start":{"line":15,"column":24},"end":{"line":15,"column":null}},"loc":{"start":{"line":15,"column":24},"end":{"line":352,"column":null}}},"1":{"name":"(anonymous_2)","decl":{"start":{"line":46,"column":35},"end":{"line":46,"column":null}},"loc":{"start":{"line":46,"column":35},"end":{"line":48,"column":null}}},"2":{"name":"(anonymous_3)","decl":{"start":{"line":50,"column":19},"end":{"line":50,"column":26}},"loc":{"start":{"line":50,"column":26},"end":{"line":121,"column":null}}},"3":{"name":"(anonymous_4)","decl":{"start":{"line":123,"column":23},"end":{"line":123,"column":null}},"loc":{"start":{"line":123,"column":23},"end":{"line":125,"column":null}}},"4":{"name":"(anonymous_5)","decl":{"start":{"line":128,"column":24},"end":{"line":128,"column":25}},"loc":{"start":{"line":128,"column":25},"end":{"line":135,"column":null}}}},"branchMap":{"0":{"loc":{"start":{"line":43,"column":22},"end":{"line":43,"column":null}},"type":"binary-expr","locations":[{"start":{"line":43,"column":22},"end":{"line":43,"column":43}},{"start":{"line":43,"column":43},"end":{"line":43,"column":null}}]},"1":{"loc":{"start":{"line":44,"column":30},"end":{"line":44,"column":null}},"type":"binary-expr","locations":[{"start":{"line":44,"column":30},"end":{"line":44,"column":46}},{"start":{"line":44,"column":46},"end":{"line":44,"column":61}},{"start":{"line":44,"column":61},"end":{"line":44,"column":null}}]},"2":{"loc":{"start":{"line":64,"column":6},"end":{"line":86,"column":null}},"type":"if","locations":[{"start":{"line":64,"column":6},"end":{"line":86,"column":null}},{"start":{},"end":{}}]},"3":{"loc":{"start":{"line":69,"column":8},"end":{"line":73,"column":null}},"type":"if","locations":[{"start":{"line":69,"column":8},"end":{"line":73,"column":null}},{"start":{},"end":{}}]},"4":{"loc":{"start":{"line":80,"column":8},"end":{"line":85,"column":null}},"type":"if","locations":[{"start":{"line":80,"column":8},"end":{"line":85,"column":null}},{"start":{"line":83,"column":15},"end":{"line":85,"column":null}}]},"5":{"loc":{"start":{"line":89,"column":6},"end":{"line":119,"column":null}},"type":"if","locations":[{"start":{"line":89,"column":6},"end":{"line":119,"column":null}},{"start":{"line":116,"column":13},"end":{"line":119,"column":null}}]},"6":{"loc":{"start":{"line":91,"column":8},"end":{"line":99,"column":null}},"type":"if","locations":[{"start":{"line":91,"column":8},"end":{"line":99,"column":null}},{"start":{},"end":{}}]},"7":{"loc":{"start":{"line":103,"column":10},"end":{"line":104,"column":null}},"type":"binary-expr","locations":[{"start":{"line":103,"column":10},"end":{"line":103,"column":23}},{"start":{"line":104,"column":10},"end":{"line":104,"column":null}}]},"8":{"loc":{"start":{"line":108,"column":8},"end":{"line":115,"column":null}},"type":"if","locations":[{"start":{"line":108,"column":8},"end":{"line":115,"column":null}},{"start":{"line":112,"column":15},"end":{"line":115,"column":null}}]},"9":{"loc":{"start":{"line":131,"column":4},"end":{"line":134,"column":null}},"type":"if","locations":[{"start":{"line":131,"column":4},"end":{"line":134,"column":null}},{"start":{},"end":{}}]},"10":{"loc":{"start":{"line":131,"column":8},"end":{"line":131,"column":67}},"type":"binary-expr","locations":[{"start":{"line":131,"column":8},"end":{"line":131,"column":29}},{"start":{"line":131,"column":29},"end":{"line":131,"column":67}}]},"11":{"loc":{"start":{"line":166,"column":14},"end":{"line":168,"column":null}},"type":"cond-expr","locations":[{"start":{"line":167,"column":18},"end":{"line":167,"column":null}},{"start":{"line":168,"column":18},"end":{"line":168,"column":null}}]},"12":{"loc":{"start":{"line":174,"column":9},"end":{"line":174,"column":24}},"type":"binary-expr","locations":[{"start":{"line":174,"column":9},"end":{"line":174,"column":24}}]},"13":{"loc":{"start":{"line":192,"column":18},"end":{"line":192,"column":null}},"type":"cond-expr","locations":[{"start":{"line":192,"column":33},"end":{"line":192,"column":42}},{"start":{"line":192,"column":42},"end":{"line":192,"column":null}}]},"14":{"loc":{"start":{"line":204,"column":16},"end":{"line":206,"column":null}},"type":"cond-expr","locations":[{"start":{"line":205,"column":20},"end":{"line":205,"column":null}},{"start":{"line":206,"column":20},"end":{"line":206,"column":null}}]},"15":{"loc":{"start":{"line":227,"column":24},"end":{"line":227,"column":null}},"type":"cond-expr","locations":[{"start":{"line":227,"column":39},"end":{"line":227,"column":48}},{"start":{"line":227,"column":48},"end":{"line":227,"column":null}}]},"16":{"loc":{"start":{"line":228,"column":19},"end":{"line":228,"column":null}},"type":"cond-expr","locations":[{"start":{"line":228,"column":34},"end":{"line":228,"column":43}},{"start":{"line":228,"column":43},"end":{"line":228,"column":null}}]},"17":{"loc":{"start":{"line":232,"column":14},"end":{"line":246,"column":27}},"type":"cond-expr","locations":[{"start":{"line":232,"column":14},"end":{"line":246,"column":27}}]},"18":{"loc":{"start":{"line":269,"column":9},"end":{"line":269,"column":24}},"type":"binary-expr","locations":[{"start":{"line":269,"column":9},"end":{"line":269,"column":24}}]},"19":{"loc":{"start":{"line":277,"column":7},"end":{"line":277,"column":null}},"type":"binary-expr","locations":[{"start":{"line":277,"column":7},"end":{"line":277,"column":null}}]},"20":{"loc":{"start":{"line":282,"column":14},"end":{"line":284,"column":null}},"type":"cond-expr","locations":[{"start":{"line":283,"column":18},"end":{"line":283,"column":null}},{"start":{"line":284,"column":18},"end":{"line":284,"column":null}}]},"21":{"loc":{"start":{"line":292,"column":16},"end":{"line":294,"column":null}},"type":"cond-expr","locations":[{"start":{"line":293,"column":20},"end":{"line":293,"column":null}},{"start":{"line":294,"column":20},"end":{"line":294,"column":null}}]},"22":{"loc":{"start":{"line":300,"column":11},"end":{"line":300,"column":34}},"type":"binary-expr","locations":[{"start":{"line":300,"column":11},"end":{"line":300,"column":34}},{"start":{"line":300,"column":34},"end":{"line":300,"column":52}},{"start":{"line":300,"column":52},"end":{"line":300,"column":null}}]},"23":{"loc":{"start":{"line":328,"column":11},"end":{"line":328,"column":null}},"type":"cond-expr","locations":[{"start":{"line":328,"column":26},"end":{"line":328,"column":37}},{"start":{"line":328,"column":37},"end":{"line":328,"column":null}}]}},"s":{"0":11,"1":2,"2":2,"3":2,"4":2,"5":2,"6":2,"7":2,"8":181,"9":181,"10":181,"11":181,"12":181,"13":181,"14":181,"15":181,"16":181,"17":181,"18":181,"19":2,"20":181,"21":4,"22":4,"23":4,"24":4,"25":4,"26":1,"27":1,"28":1,"29":0,"30":0,"31":1,"32":1,"33":0,"34":0,"35":1,"36":2,"37":2,"38":1,"39":1,"40":1,"41":1,"42":1,"43":1,"44":1,"45":1,"46":1,"47":0,"48":0,"49":181,"50":1,"51":181,"52":148},"f":{"0":181,"1":2,"2":4,"3":1,"4":148},"b":{"0":[181,133],"1":[181,176,71],"2":[1,0],"3":[0,1],"4":[0,1],"5":[2,0],"6":[1,1],"7":[1,0],"8":[1,0],"9":[0,148],"10":[148,0],"11":[1,180],"12":[181],"13":[1,180],"14":[1,180],"15":[1,180],"16":[1,180],"17":[1],"18":[181],"19":[181],"20":[1,1],"21":[1,1],"22":[2,1,1],"23":[5,176]}}
,"/Users/wilson/Documents/5. Projects/7.1.Web_Warehousing/components/ThemeToggle.tsx": {"path":"/Users/wilson/Documents/5. Projects/7.1.Web_Warehousing/components/ThemeToggle.tsx","statementMap":{"0":{"start":{"line":6,"column":24},"end":{"line":6,"column":null}},"1":{"start":{"line":3,"column":44},"end":{"line":3,"column":null}},"2":{"start":{"line":4,"column":25},"end":{"line":4,"column":null}},"3":{"start":{"line":7,"column":32},"end":{"line":7,"column":null}},"4":{"start":{"line":8,"column":30},"end":{"line":8,"column":null}},"5":{"start":{"line":9,"column":45},"end":{"line":9,"column":null}},"6":{"start":{"line":10,"column":22},"end":{"line":10,"column":null}},"7":{"start":{"line":12,"column":2},"end":{"line":14,"column":null}},"8":{"start":{"line":13,"column":4},"end":{"line":13,"column":null}},"9":{"start":{"line":17,"column":2},"end":{"line":31,"column":null}},"10":{"start":{"line":18,"column":31},"end":{"line":22,"column":null}},"11":{"start":{"line":19,"column":6},"end":{"line":21,"column":null}},"12":{"start":{"line":20,"column":8},"end":{"line":20,"column":null}},"13":{"start":{"line":24,"column":4},"end":{"line":26,"column":null}},"14":{"start":{"line":25,"column":6},"end":{"line":25,"column":null}},"15":{"start":{"line":28,"column":4},"end":{"line":30,"column":null}},"16":{"start":{"line":29,"column":6},"end":{"line":29,"column":null}},"17":{"start":{"line":34,"column":2},"end":{"line":36,"column":null}},"18":{"start":{"line":35,"column":4},"end":{"line":35,"column":null}},"19":{"start":{"line":38,"column":18},"end":{"line":90,"column":null}},"20":{"start":{"line":39,"column":4},"end":{"line":55,"column":null}},"21":{"start":{"line":57,"column":4},"end":{"line":73,"column":null}},"22":{"start":{"line":92,"column":19},"end":{"line":97,"column":null}},"23":{"start":{"line":93,"column":4},"end":{"line":95,"column":null}},"24":{"start":{"line":94,"column":6},"end":{"line":94,"column":null}},"25":{"start":{"line":96,"column":4},"end":{"line":96,"column":null}},"26":{"start":{"line":99,"column":28},"end":{"line":102,"column":null}},"27":{"start":{"line":100,"column":4},"end":{"line":100,"column":null}},"28":{"start":{"line":101,"column":4},"end":{"line":101,"column":null}},"29":{"start":{"line":108,"column":23},"end":{"line":108,"column":null}},"30":{"start":{"line":158,"column":27},"end":{"line":158,"column":null}},"31":{"start":{"line":199,"column":27},"end":{"line":199,"column":null}},"32":{"start":{"line":240,"column":27},"end":{"line":240,"column":null}}},"fnMap":{"0":{"name":"ThemeToggle","decl":{"start":{"line":6,"column":24},"end":{"line":6,"column":null}},"loc":{"start":{"line":6,"column":24},"end":{"line":283,"column":null}}},"1":{"name":"(anonymous_2)","decl":{"start":{"line":12,"column":12},"end":{"line":12,"column":null}},"loc":{"start":{"line":12,"column":12},"end":{"line":14,"column":5}}},"2":{"name":"(anonymous_3)","decl":{"start":{"line":17,"column":12},"end":{"line":17,"column":null}},"loc":{"start":{"line":17,"column":12},"end":{"line":31,"column":5}}},"3":{"name":"(anonymous_4)","decl":{"start":{"line":18,"column":31},"end":{"line":18,"column":32}},"loc":{"start":{"line":18,"column":32},"end":{"line":22,"column":null}}},"4":{"name":"(anonymous_5)","decl":{"start":{"line":28,"column":11},"end":{"line":28,"column":null}},"loc":{"start":{"line":28,"column":11},"end":{"line":30,"column":null}}},"5":{"name":"(anonymous_6)","decl":{"start":{"line":38,"column":18},"end":{"line":38,"column":null}},"loc":{"start":{"line":38,"column":18},"end":{"line":90,"column":null}}},"6":{"name":"(anonymous_7)","decl":{"start":{"line":92,"column":19},"end":{"line":92,"column":null}},"loc":{"start":{"line":92,"column":19},"end":{"line":97,"column":null}}},"7":{"name":"(anonymous_8)","decl":{"start":{"line":99,"column":28},"end":{"line":99,"column":29}},"loc":{"start":{"line":99,"column":29},"end":{"line":102,"column":null}}},"8":{"name":"(anonymous_9)","decl":{"start":{"line":108,"column":17},"end":{"line":108,"column":23}},"loc":{"start":{"line":108,"column":23},"end":{"line":108,"column":null}}},"9":{"name":"(anonymous_10)","decl":{"start":{"line":158,"column":21},"end":{"line":158,"column":27}},"loc":{"start":{"line":158,"column":27},"end":{"line":158,"column":null}}},"10":{"name":"(anonymous_11)","decl":{"start":{"line":199,"column":21},"end":{"line":199,"column":27}},"loc":{"start":{"line":199,"column":27},"end":{"line":199,"column":null}}},"11":{"name":"(anonymous_12)","decl":{"start":{"line":240,"column":21},"end":{"line":240,"column":27}},"loc":{"start":{"line":240,"column":27},"end":{"line":240,"column":null}}}},"branchMap":{"0":{"loc":{"start":{"line":19,"column":6},"end":{"line":21,"column":null}},"type":"if","locations":[{"start":{"line":19,"column":6},"end":{"line":21,"column":null}},{"start":{},"end":{}}]},"1":{"loc":{"start":{"line":19,"column":10},"end":{"line":19,"column":86}},"type":"binary-expr","locations":[{"start":{"line":19,"column":10},"end":{"line":19,"column":29}},{"start":{"line":19,"column":33},"end":{"line":19,"column":86}}]},"2":{"loc":{"start":{"line":24,"column":4},"end":{"line":26,"column":null}},"type":"if","locations":[{"start":{"line":24,"column":4},"end":{"line":26,"column":null}},{"start":{},"end":{}}]},"3":{"loc":{"start":{"line":34,"column":2},"end":{"line":36,"column":null}},"type":"if","locations":[{"start":{"line":34,"column":2},"end":{"line":36,"column":null}},{"start":{},"end":{}}]},"4":{"loc":{"start":{"line":39,"column":4},"end":{"line":55,"column":null}},"type":"if","locations":[{"start":{"line":39,"column":4},"end":{"line":55,"column":null}},{"start":{},"end":{}}]},"5":{"loc":{"start":{"line":57,"column":4},"end":{"line":73,"column":null}},"type":"if","locations":[{"start":{"line":57,"column":4},"end":{"line":73,"column":null}},{"start":{},"end":{}}]},"6":{"loc":{"start":{"line":93,"column":4},"end":{"line":95,"column":null}},"type":"if","locations":[{"start":{"line":93,"column":4},"end":{"line":95,"column":null}},{"start":{},"end":{}}]},"7":{"loc":{"start":{"line":96,"column":11},"end":{"line":96,"column":null}},"type":"cond-expr","locations":[{"start":{"line":96,"column":38},"end":{"line":96,"column":45}},{"start":{"line":96,"column":45},"end":{"line":96,"column":null}}]},"8":{"loc":{"start":{"line":132,"column":66},"end":{"line":132,"column":93}},"type":"cond-expr","locations":[{"start":{"line":132,"column":75},"end":{"line":132,"column":90}},{"start":{"line":132,"column":90},"end":{"line":132,"column":93}}]},"9":{"loc":{"start":{"line":147,"column":7},"end":{"line":147,"column":null}},"type":"binary-expr","locations":[{"start":{"line":147,"column":7},"end":{"line":147,"column":null}}]},"10":{"loc":{"start":{"line":167,"column":16},"end":{"line":169,"column":null}},"type":"cond-expr","locations":[{"start":{"line":168,"column":20},"end":{"line":168,"column":null}},{"start":{"line":169,"column":20},"end":{"line":169,"column":null}}]},"11":{"loc":{"start":{"line":187,"column":13},"end":{"line":187,"column":null}},"type":"binary-expr","locations":[{"start":{"line":187,"column":13},"end":{"line":187,"column":null}}]},"12":{"loc":{"start":{"line":208,"column":16},"end":{"line":210,"column":null}},"type":"cond-expr","locations":[{"start":{"line":209,"column":20},"end":{"line":209,"column":null}},{"start":{"line":210,"column":20},"end":{"line":210,"column":null}}]},"13":{"loc":{"start":{"line":228,"column":13},"end":{"line":228,"column":null}},"type":"binary-expr","locations":[{"start":{"line":228,"column":13},"end":{"line":228,"column":null}}]},"14":{"loc":{"start":{"line":249,"column":16},"end":{"line":251,"column":null}},"type":"cond-expr","locations":[{"start":{"line":250,"column":20},"end":{"line":250,"column":null}},{"start":{"line":251,"column":20},"end":{"line":251,"column":null}}]},"15":{"loc":{"start":{"line":269,"column":13},"end":{"line":269,"column":null}},"type":"binary-expr","locations":[{"start":{"line":269,"column":13},"end":{"line":269,"column":null}}]}},"s":{"0":2,"1":1,"2":1,"3":9,"4":8,"5":8,"6":0,"7":0,"8":0,"9":0,"10":0,"11":0,"12":0,"13":0,"14":0,"15":0,"16":0,"17":0,"18":0,"19":0,"20":0,"21":0,"22":0,"23":0,"24":0,"25":0,"26":0,"27":0,"28":0,"29":0,"30":0,"31":0,"32":0},"f":{"0":9,"1":0,"2":0,"3":0,"4":0,"5":0,"6":0,"7":0,"8":0,"9":0,"10":0,"11":0},"b":{"0":[0,0],"1":[0,0],"2":[0,0],"3":[0,0],"4":[0,0],"5":[0,0],"6":[0,0],"7":[0,0],"8":[0,0],"9":[0],"10":[0,0],"11":[0],"12":[0,0],"13":[0],"14":[0,0],"15":[0]}}
,"/Users/wilson/Documents/5. Projects/7.1.Web_Warehousing/components/auth/AuthGuard.tsx": {"path":"/Users/wilson/Documents/5. Projects/7.1.Web_Warehousing/components/auth/AuthGuard.tsx","statementMap":{"0":{"start":{"line":21,"column":24},"end":{"line":21,"column":34}},"1":{"start":{"line":3,"column":36},"end":{"line":3,"column":null}},"2":{"start":{"line":4,"column":39},"end":{"line":4,"column":null}},"3":{"start":{"line":5,"column":38},"end":{"line":5,"column":null}},"4":{"start":{"line":26,"column":17},"end":{"line":26,"column":null}},"5":{"start":{"line":27,"column":19},"end":{"line":27,"column":null}},"6":{"start":{"line":28,"column":38},"end":{"line":28,"column":null}},"7":{"start":{"line":29,"column":48},"end":{"line":29,"column":null}},"8":{"start":{"line":31,"column":2},"end":{"line":62,"column":null}},"9":{"start":{"line":32,"column":22},"end":{"line":59,"column":null}},"10":{"start":{"line":33,"column":20},"end":{"line":33,"column":null}},"11":{"start":{"line":34,"column":23},"end":{"line":34,"column":null}},"12":{"start":{"line":36,"column":6},"end":{"line":55,"column":null}},"13":{"start":{"line":38,"column":8},"end":{"line":47,"column":null}},"14":{"start":{"line":41,"column":28},"end":{"line":41,"column":null}},"15":{"start":{"line":42,"column":10},"end":{"line":44,"column":null}},"16":{"start":{"line":43,"column":12},"end":{"line":43,"column":null}},"17":{"start":{"line":45,"column":10},"end":{"line":45,"column":null}},"18":{"start":{"line":46,"column":10},"end":{"line":46,"column":null}},"19":{"start":{"line":50,"column":8},"end":{"line":54,"column":null}},"20":{"start":{"line":52,"column":10},"end":{"line":52,"column":null}},"21":{"start":{"line":53,"column":10},"end":{"line":53,"column":null}},"22":{"start":{"line":57,"column":6},"end":{"line":57,"column":null}},"23":{"start":{"line":58,"column":6},"end":{"line":58,"column":null}},"24":{"start":{"line":61,"column":4},"end":{"line":61,"column":null}},"25":{"start":{"line":65,"column":2},"end":{"line":71,"column":null}},"26":{"start":{"line":74,"column":2},"end":{"line":76,"column":null}},"27":{"start":{"line":79,"column":2},"end":{"line":79,"column":null}}},"fnMap":{"0":{"name":"AuthGuard","decl":{"start":{"line":21,"column":24},"end":{"line":21,"column":34}},"loc":{"start":{"line":25,"column":17},"end":{"line":80,"column":null}}},"1":{"name":"(anonymous_2)","decl":{"start":{"line":31,"column":12},"end":{"line":31,"column":null}},"loc":{"start":{"line":31,"column":12},"end":{"line":62,"column":5}}},"2":{"name":"(anonymous_3)","decl":{"start":{"line":32,"column":22},"end":{"line":32,"column":null}},"loc":{"start":{"line":32,"column":22},"end":{"line":59,"column":null}}}},"branchMap":{"0":{"loc":{"start":{"line":23,"column":2},"end":{"line":23,"column":20}},"type":"default-arg","locations":[{"start":{"line":23,"column":16},"end":{"line":23,"column":20}}]},"1":{"loc":{"start":{"line":24,"column":2},"end":{"line":24,"column":23}},"type":"default-arg","locations":[{"start":{"line":24,"column":15},"end":{"line":24,"column":23}}]},"2":{"loc":{"start":{"line":36,"column":6},"end":{"line":55,"column":null}},"type":"if","locations":[{"start":{"line":36,"column":6},"end":{"line":55,"column":null}},{"start":{"line":48,"column":13},"end":{"line":55,"column":null}}]},"3":{"loc":{"start":{"line":38,"column":8},"end":{"line":47,"column":null}},"type":"if","locations":[{"start":{"line":38,"column":8},"end":{"line":47,"column":null}},{"start":{},"end":{}}]},"4":{"loc":{"start":{"line":38,"column":12},"end":{"line":38,"column":33}},"type":"binary-expr","locations":[{"start":{"line":38,"column":12},"end":{"line":38,"column":22}},{"start":{"line":38,"column":22},"end":{"line":38,"column":33}}]},"5":{"loc":{"start":{"line":41,"column":28},"end":{"line":41,"column":null}},"type":"cond-expr","locations":[{"start":{"line":41,"column":54},"end":{"line":41,"column":65}},{"start":{"line":41,"column":65},"end":{"line":41,"column":null}}]},"6":{"loc":{"start":{"line":42,"column":10},"end":{"line":44,"column":null}},"type":"if","locations":[{"start":{"line":42,"column":10},"end":{"line":44,"column":null}},{"start":{},"end":{}}]},"7":{"loc":{"start":{"line":50,"column":8},"end":{"line":54,"column":null}},"type":"if","locations":[{"start":{"line":50,"column":8},"end":{"line":54,"column":null}},{"start":{},"end":{}}]},"8":{"loc":{"start":{"line":50,"column":12},"end":{"line":50,"column":31}},"type":"binary-expr","locations":[{"start":{"line":50,"column":12},"end":{"line":50,"column":21}},{"start":{"line":50,"column":21},"end":{"line":50,"column":31}}]},"9":{"loc":{"start":{"line":65,"column":2},"end":{"line":71,"column":null}},"type":"if","locations":[{"start":{"line":65,"column":2},"end":{"line":71,"column":null}},{"start":{},"end":{}}]},"10":{"loc":{"start":{"line":74,"column":2},"end":{"line":76,"column":null}},"type":"if","locations":[{"start":{"line":74,"column":2},"end":{"line":76,"column":null}},{"start":{},"end":{}}]},"11":{"loc":{"start":{"line":74,"column":6},"end":{"line":74,"column":39}},"type":"binary-expr","locations":[{"start":{"line":74,"column":6},"end":{"line":74,"column":25}},{"start":{"line":74,"column":25},"end":{"line":74,"column":39}}]}},"s":{"0":0,"1":0,"2":0,"3":0,"4":0,"5":0,"6":0,"7":0,"8":0,"9":0,"10":0,"11":0,"12":0,"13":0,"14":0,"15":0,"16":0,"17":0,"18":0,"19":0,"20":0,"21":0,"22":0,"23":0,"24":0,"25":0,"26":0,"27":0},"f":{"0":0,"1":0,"2":0},"b":{"0":[0],"1":[0],"2":[0,0],"3":[0,0],"4":[0,0],"5":[0,0],"6":[0,0],"7":[0,0],"8":[0,0],"9":[0,0],"10":[0,0],"11":[0,0]}}
,"/Users/wilson/Documents/5. Projects/7.1.Web_Warehousing/components/auth/AutoLogoutModal.tsx": {"path":"/Users/wilson/Documents/5. Projects/7.1.Web_Warehousing/components/auth/AutoLogoutModal.tsx","statementMap":{"0":{"start":{"line":16,"column":24},"end":{"line":16,"column":40}},"1":{"start":{"line":3,"column":36},"end":{"line":3,"column":null}},"2":{"start":{"line":4,"column":26},"end":{"line":4,"column":null}},"3":{"start":{"line":5,"column":38},"end":{"line":5,"column":null}},"4":{"start":{"line":6,"column":50},"end":{"line":6,"column":null}},"5":{"start":{"line":23,"column":17},"end":{"line":23,"column":null}},"6":{"start":{"line":24,"column":36},"end":{"line":24,"column":null}},"7":{"start":{"line":26,"column":2},"end":{"line":40,"column":null}},"8":{"start":{"line":27,"column":4},"end":{"line":27,"column":null}},"9":{"start":{"line":27,"column":17},"end":{"line":27,"column":null}},"10":{"start":{"line":29,"column":21},"end":{"line":37,"column":null}},"11":{"start":{"line":30,"column":6},"end":{"line":36,"column":null}},"12":{"start":{"line":31,"column":8},"end":{"line":34,"column":null}},"13":{"start":{"line":32,"column":10},"end":{"line":32,"column":null}},"14":{"start":{"line":33,"column":10},"end":{"line":33,"column":null}},"15":{"start":{"line":35,"column":8},"end":{"line":35,"column":null}},"16":{"start":{"line":39,"column":4},"end":{"line":39,"column":null}},"17":{"start":{"line":39,"column":17},"end":{"line":39,"column":null}},"18":{"start":{"line":42,"column":23},"end":{"line":54,"column":null}},"19":{"start":{"line":43,"column":4},"end":{"line":53,"column":null}},"20":{"start":{"line":45,"column":6},"end":{"line":45,"column":null}},"21":{"start":{"line":46,"column":6},"end":{"line":46,"column":null}},"22":{"start":{"line":48,"column":6},"end":{"line":48,"column":null}},"23":{"start":{"line":50,"column":6},"end":{"line":50,"column":null}},"24":{"start":{"line":51,"column":6},"end":{"line":51,"column":null}},"25":{"start":{"line":52,"column":6},"end":{"line":52,"column":null}},"26":{"start":{"line":56,"column":23},"end":{"line":60,"column":null}},"27":{"start":{"line":58,"column":4},"end":{"line":58,"column":null}},"28":{"start":{"line":59,"column":4},"end":{"line":59,"column":null}},"29":{"start":{"line":62,"column":2},"end":{"line":62,"column":null}},"30":{"start":{"line":62,"column":15},"end":{"line":62,"column":null}}},"fnMap":{"0":{"name":"AutoLogoutModal","decl":{"start":{"line":16,"column":24},"end":{"line":16,"column":40}},"loc":{"start":{"line":22,"column":23},"end":{"line":118,"column":null}}},"1":{"name":"(anonymous_2)","decl":{"start":{"line":26,"column":12},"end":{"line":26,"column":null}},"loc":{"start":{"line":26,"column":12},"end":{"line":40,"column":5}}},"2":{"name":"(anonymous_3)","decl":{"start":{"line":29,"column":33},"end":{"line":29,"column":null}},"loc":{"start":{"line":29,"column":33},"end":{"line":37,"column":7}}},"3":{"name":"(anonymous_4)","decl":{"start":{"line":30,"column":19},"end":{"line":30,"column":20}},"loc":{"start":{"line":30,"column":20},"end":{"line":36,"column":null}}},"4":{"name":"(anonymous_5)","decl":{"start":{"line":39,"column":11},"end":{"line":39,"column":17}},"loc":{"start":{"line":39,"column":17},"end":{"line":39,"column":null}}},"5":{"name":"(anonymous_6)","decl":{"start":{"line":42,"column":23},"end":{"line":42,"column":null}},"loc":{"start":{"line":42,"column":23},"end":{"line":54,"column":null}}},"6":{"name":"(anonymous_7)","decl":{"start":{"line":56,"column":23},"end":{"line":56,"column":null}},"loc":{"start":{"line":56,"column":23},"end":{"line":60,"column":null}}}},"branchMap":{"0":{"loc":{"start":{"line":21,"column":2},"end":{"line":21,"column":24}},"type":"default-arg","locations":[{"start":{"line":21,"column":19},"end":{"line":21,"column":24}}]},"1":{"loc":{"start":{"line":27,"column":4},"end":{"line":27,"column":null}},"type":"if","locations":[{"start":{"line":27,"column":4},"end":{"line":27,"column":null}},{"start":{},"end":{}}]},"2":{"loc":{"start":{"line":31,"column":8},"end":{"line":34,"column":null}},"type":"if","locations":[{"start":{"line":31,"column":8},"end":{"line":34,"column":null}},{"start":{},"end":{}}]},"3":{"loc":{"start":{"line":62,"column":2},"end":{"line":62,"column":null}},"type":"if","locations":[{"start":{"line":62,"column":2},"end":{"line":62,"column":null}},{"start":{},"end":{}}]},"4":{"loc":{"start":{"line":75,"column":9},"end":{"line":75,"column":null}},"type":"binary-expr","locations":[{"start":{"line":75,"column":9},"end":{"line":75,"column":null}}]}},"s":{"0":0,"1":0,"2":0,"3":0,"4":0,"5":0,"6":0,"7":0,"8":0,"9":0,"10":0,"11":0,"12":0,"13":0,"14":0,"15":0,"16":0,"17":0,"18":0,"19":0,"20":0,"21":0,"22":0,"23":0,"24":0,"25":0,"26":0,"27":0,"28":0,"29":0,"30":0},"f":{"0":0,"1":0,"2":0,"3":0,"4":0,"5":0,"6":0},"b":{"0":[0],"1":[0,0],"2":[0,0],"3":[0,0],"4":[0]}}
,"/Users/wilson/Documents/5. Projects/7.1.Web_Warehousing/components/auth/IdleSessionManager.tsx": {"path":"/Users/wilson/Documents/5. Projects/7.1.Web_Warehousing/components/auth/IdleSessionManager.tsx","statementMap":{"0":{"start":{"line":15,"column":24},"end":{"line":15,"column":43}},"1":{"start":{"line":3,"column":36},"end":{"line":3,"column":null}},"2":{"start":{"line":4,"column":28},"end":{"line":4,"column":null}},"3":{"start":{"line":5,"column":29},"end":{"line":5,"column":null}},"4":{"start":{"line":6,"column":25},"end":{"line":6,"column":null}},"5":{"start":{"line":7,"column":28},"end":{"line":7,"column":null}},"6":{"start":{"line":20,"column":19},"end":{"line":20,"column":null}},"7":{"start":{"line":21,"column":40},"end":{"line":21,"column":null}},"8":{"start":{"line":22,"column":44},"end":{"line":22,"column":null}},"9":{"start":{"line":23,"column":48},"end":{"line":23,"column":null}},"10":{"start":{"line":26,"column":2},"end":{"line":30,"column":null}},"11":{"start":{"line":27,"column":18},"end":{"line":27,"column":null}},"12":{"start":{"line":28,"column":24},"end":{"line":28,"column":null}},"13":{"start":{"line":29,"column":4},"end":{"line":29,"column":null}},"14":{"start":{"line":32,"column":21},"end":{"line":35,"column":null}},"15":{"start":{"line":34,"column":4},"end":{"line":34,"column":null}},"16":{"start":{"line":37,"column":24},"end":{"line":40,"column":null}},"17":{"start":{"line":38,"column":4},"end":{"line":38,"column":null}},"18":{"start":{"line":39,"column":4},"end":{"line":39,"column":null}},"19":{"start":{"line":42,"column":23},"end":{"line":45,"column":null}},"20":{"start":{"line":43,"column":4},"end":{"line":43,"column":null}},"21":{"start":{"line":47,"column":23},"end":{"line":49,"column":null}},"22":{"start":{"line":48,"column":4},"end":{"line":48,"column":null}},"23":{"start":{"line":51,"column":2},"end":{"line":57,"column":null}},"24":{"start":{"line":59,"column":2},"end":{"line":59,"column":null}},"25":{"start":{"line":59,"column":24},"end":{"line":59,"column":null}}},"fnMap":{"0":{"name":"IdleSessionManager","decl":{"start":{"line":15,"column":24},"end":{"line":15,"column":43}},"loc":{"start":{"line":19,"column":26},"end":{"line":70,"column":null}}},"1":{"name":"(anonymous_3)","decl":{"start":{"line":26,"column":12},"end":{"line":26,"column":null}},"loc":{"start":{"line":26,"column":12},"end":{"line":30,"column":5}}},"2":{"name":"(anonymous_4)","decl":{"start":{"line":32,"column":21},"end":{"line":32,"column":null}},"loc":{"start":{"line":32,"column":21},"end":{"line":35,"column":null}}},"3":{"name":"(anonymous_5)","decl":{"start":{"line":37,"column":24},"end":{"line":37,"column":25}},"loc":{"start":{"line":37,"column":25},"end":{"line":40,"column":null}}},"4":{"name":"(anonymous_6)","decl":{"start":{"line":42,"column":23},"end":{"line":42,"column":null}},"loc":{"start":{"line":42,"column":23},"end":{"line":45,"column":null}}},"5":{"name":"(anonymous_7)","decl":{"start":{"line":47,"column":23},"end":{"line":47,"column":null}},"loc":{"start":{"line":47,"column":23},"end":{"line":49,"column":null}}}},"branchMap":{"0":{"loc":{"start":{"line":16,"column":2},"end":{"line":16,"column":26}},"type":"default-arg","locations":[{"start":{"line":16,"column":12},"end":{"line":16,"column":26}}]},"1":{"loc":{"start":{"line":17,"column":2},"end":{"line":17,"column":25}},"type":"default-arg","locations":[{"start":{"line":17,"column":16},"end":{"line":17,"column":25}}]},"2":{"loc":{"start":{"line":18,"column":2},"end":{"line":18,"column":24}},"type":"default-arg","locations":[{"start":{"line":18,"column":19},"end":{"line":18,"column":24}}]},"3":{"loc":{"start":{"line":29,"column":23},"end":{"line":29,"column":null}},"type":"binary-expr","locations":[{"start":{"line":29,"column":23},"end":{"line":29,"column":34}},{"start":{"line":29,"column":34},"end":{"line":29,"column":null}}]},"4":{"loc":{"start":{"line":59,"column":2},"end":{"line":59,"column":null}},"type":"if","locations":[{"start":{"line":59,"column":2},"end":{"line":59,"column":null}},{"start":{},"end":{}}]}},"s":{"0":0,"1":0,"2":0,"3":0,"4":0,"5":0,"6":0,"7":0,"8":0,"9":0,"10":0,"11":0,"12":0,"13":0,"14":0,"15":0,"16":0,"17":0,"18":0,"19":0,"20":0,"21":0,"22":0,"23":0,"24":0,"25":0},"f":{"0":0,"1":0,"2":0,"3":0,"4":0,"5":0},"b":{"0":[0],"1":[0],"2":[0],"3":[0,0],"4":[0,0]}}
,"/Users/wilson/Documents/5. Projects/7.1.Web_Warehousing/components/auth/TwoFactorAuth.tsx": {"path":"/Users/wilson/Documents/5. Projects/7.1.Web_Warehousing/components/auth/TwoFactorAuth.tsx","statementMap":{"0":{"start":{"line":14,"column":24},"end":{"line":14,"column":null}},"1":{"start":{"line":3,"column":44},"end":{"line":3,"column":null}},"2":{"start":{"line":4,"column":26},"end":{"line":4,"column":null}},"3":{"start":{"line":5,"column":54},"end":{"line":5,"column":null}},"4":{"start":{"line":10,"column":7},"end":{"line":10,"column":null}},"5":{"start":{"line":15,"column":17},"end":{"line":15,"column":null}},"6":{"start":{"line":16,"column":30},"end":{"line":16,"column":null}},"7":{"start":{"line":17,"column":26},"end":{"line":17,"column":null}},"8":{"start":{"line":18,"column":36},"end":{"line":18,"column":null}},"9":{"start":{"line":19,"column":40},"end":{"line":19,"column":null}},"10":{"start":{"line":20,"column":42},"end":{"line":20,"column":null}},"11":{"start":{"line":21,"column":52},"end":{"line":21,"column":null}},"12":{"start":{"line":22,"column":48},"end":{"line":22,"column":null}},"13":{"start":{"line":23,"column":48},"end":{"line":23,"column":63}},"14":{"start":{"line":24,"column":20},"end":{"line":24,"column":null}},"15":{"start":{"line":27,"column":2},"end":{"line":49,"column":null}},"16":{"start":{"line":28,"column":28},"end":{"line":47,"column":null}},"17":{"start":{"line":29,"column":6},"end":{"line":29,"column":null}},"18":{"start":{"line":30,"column":6},"end":{"line":30,"column":null}},"19":{"start":{"line":31,"column":6},"end":{"line":31,"column":null}},"20":{"start":{"line":32,"column":6},"end":{"line":32,"column":null}},"21":{"start":{"line":33,"column":6},"end":{"line":33,"column":null}},"22":{"start":{"line":35,"column":6},"end":{"line":46,"column":null}},"23":{"start":{"line":36,"column":8},"end":{"line":36,"column":null}},"24":{"start":{"line":37,"column":8},"end":{"line":37,"column":null}},"25":{"start":{"line":39,"column":8},"end":{"line":43,"column":null}},"26":{"start":{"line":40,"column":10},"end":{"line":40,"column":null}},"27":{"start":{"line":42,"column":10},"end":{"line":42,"column":null}},"28":{"start":{"line":45,"column":8},"end":{"line":45,"column":null}},"29":{"start":{"line":48,"column":4},"end":{"line":48,"column":null}},"30":{"start":{"line":52,"column":2},"end":{"line":57,"column":null}},"31":{"start":{"line":53,"column":4},"end":{"line":56,"column":null}},"32":{"start":{"line":54,"column":20},"end":{"line":54,"column":null}},"33":{"start":{"line":54,"column":37},"end":{"line":54,"column":78}},"34":{"start":{"line":55,"column":6},"end":{"line":55,"column":null}},"35":{"start":{"line":55,"column":19},"end":{"line":55,"column":null}},"36":{"start":{"line":59,"column":2},"end":{"line":64,"column":null}},"37":{"start":{"line":60,"column":4},"end":{"line":63,"column":null}},"38":{"start":{"line":61,"column":20},"end":{"line":61,"column":null}},"39":{"start":{"line":61,"column":37},"end":{"line":61,"column":78}},"40":{"start":{"line":62,"column":6},"end":{"line":62,"column":null}},"41":{"start":{"line":62,"column":19},"end":{"line":62,"column":null}},"42":{"start":{"line":66,"column":25},"end":{"line":87,"column":null}},"43":{"start":{"line":67,"column":4},"end":{"line":67,"column":null}},"44":{"start":{"line":68,"column":4},"end":{"line":68,"column":null}},"45":{"start":{"line":69,"column":4},"end":{"line":69,"column":null}},"46":{"start":{"line":70,"column":4},"end":{"line":70,"column":null}},"47":{"start":{"line":71,"column":4},"end":{"line":71,"column":29}},"48":{"start":{"line":73,"column":4},"end":{"line":86,"column":null}},"49":{"start":{"line":74,"column":6},"end":{"line":74,"column":null}},"50":{"start":{"line":75,"column":6},"end":{"line":75,"column":30}},"51":{"start":{"line":77,"column":6},"end":{"line":77,"column":null}},"52":{"start":{"line":79,"column":6},"end":{"line":83,"column":null}},"53":{"start":{"line":80,"column":8},"end":{"line":80,"column":null}},"54":{"start":{"line":82,"column":8},"end":{"line":82,"column":null}},"55":{"start":{"line":85,"column":6},"end":{"line":85,"column":null}},"56":{"start":{"line":89,"column":27},"end":{"line":101,"column":null}},"57":{"start":{"line":91,"column":4},"end":{"line":91,"column":null}},"58":{"start":{"line":91,"column":38},"end":{"line":91,"column":null}},"59":{"start":{"line":93,"column":20},"end":{"line":93,"column":null}},"60":{"start":{"line":94,"column":4},"end":{"line":94,"column":null}},"61":{"start":{"line":95,"column":4},"end":{"line":95,"column":null}},"62":{"start":{"line":98,"column":4},"end":{"line":100,"column":null}},"63":{"start":{"line":99,"column":6},"end":{"line":99,"column":null}},"64":{"start":{"line":103,"column":24},"end":{"line":112,"column":null}},"65":{"start":{"line":105,"column":4},"end":{"line":107,"column":null}},"66":{"start":{"line":106,"column":6},"end":{"line":106,"column":null}},"67":{"start":{"line":109,"column":4},"end":{"line":111,"column":null}},"68":{"start":{"line":109,"column":47},"end":{"line":109,"column":58}},"69":{"start":{"line":110,"column":6},"end":{"line":110,"column":null}},"70":{"start":{"line":114,"column":22},"end":{"line":123,"column":null}},"71":{"start":{"line":115,"column":4},"end":{"line":115,"column":null}},"72":{"start":{"line":116,"column":23},"end":{"line":116,"column":null}},"73":{"start":{"line":117,"column":4},"end":{"line":122,"column":null}},"74":{"start":{"line":118,"column":22},"end":{"line":118,"column":null}},"75":{"start":{"line":119,"column":6},"end":{"line":119,"column":null}},"76":{"start":{"line":121,"column":6},"end":{"line":121,"column":null}},"77":{"start":{"line":125,"column":23},"end":{"line":160,"column":null}},"78":{"start":{"line":126,"column":23},"end":{"line":126,"column":null}},"79":{"start":{"line":127,"column":4},"end":{"line":130,"column":null}},"80":{"start":{"line":128,"column":6},"end":{"line":128,"column":null}},"81":{"start":{"line":129,"column":6},"end":{"line":129,"column":null}},"82":{"start":{"line":132,"column":4},"end":{"line":132,"column":null}},"83":{"start":{"line":133,"column":4},"end":{"line":133,"column":null}},"84":{"start":{"line":135,"column":4},"end":{"line":159,"column":null}},"85":{"start":{"line":136,"column":23},"end":{"line":136,"column":null}},"86":{"start":{"line":138,"column":6},"end":{"line":143,"column":null}},"87":{"start":{"line":140,"column":8},"end":{"line":140,"column":null}},"88":{"start":{"line":142,"column":8},"end":{"line":142,"column":null}},"89":{"start":{"line":145,"column":6},"end":{"line":156,"column":null}},"90":{"start":{"line":146,"column":8},"end":{"line":146,"column":null}},"91":{"start":{"line":151,"column":25},"end":{"line":151,"column":null}},"92":{"start":{"line":153,"column":8},"end":{"line":153,"column":null}},"93":{"start":{"line":155,"column":8},"end":{"line":155,"column":null}},"94":{"start":{"line":158,"column":6},"end":{"line":158,"column":null}},"95":{"start":{"line":162,"column":21},"end":{"line":166,"column":null}},"96":{"start":{"line":163,"column":17},"end":{"line":163,"column":null}},"97":{"start":{"line":164,"column":17},"end":{"line":164,"column":null}},"98":{"start":{"line":165,"column":4},"end":{"line":165,"column":null}},"99":{"start":{"line":187,"column":31},"end":{"line":187,"column":null}},"100":{"start":{"line":201,"column":31},"end":{"line":201,"column":null}},"101":{"start":{"line":223,"column":16},"end":{"line":224,"column":null}},"102":{"start":{"line":226,"column":20},"end":{"line":226,"column":null}},"103":{"start":{"line":232,"column":35},"end":{"line":232,"column":null}},"104":{"start":{"line":233,"column":36},"end":{"line":233,"column":null}},"105":{"start":{"line":276,"column":56},"end":{"line":276,"column":null}},"106":{"start":{"line":320,"column":29},"end":{"line":320,"column":null}}},"fnMap":{"0":{"name":"TwoFactorAuth","decl":{"start":{"line":14,"column":24},"end":{"line":14,"column":null}},"loc":{"start":{"line":14,"column":24},"end":{"line":338,"column":null}}},"1":{"name":"(anonymous_2)","decl":{"start":{"line":27,"column":12},"end":{"line":27,"column":null}},"loc":{"start":{"line":27,"column":12},"end":{"line":49,"column":5}}},"2":{"name":"(anonymous_3)","decl":{"start":{"line":28,"column":28},"end":{"line":28,"column":null}},"loc":{"start":{"line":28,"column":28},"end":{"line":47,"column":null}}},"3":{"name":"(anonymous_4)","decl":{"start":{"line":52,"column":12},"end":{"line":52,"column":null}},"loc":{"start":{"line":52,"column":12},"end":{"line":57,"column":5}}},"4":{"name":"(anonymous_5)","decl":{"start":{"line":54,"column":31},"end":{"line":54,"column":37}},"loc":{"start":{"line":54,"column":37},"end":{"line":54,"column":78}}},"5":{"name":"(anonymous_6)","decl":{"start":{"line":55,"column":13},"end":{"line":55,"column":19}},"loc":{"start":{"line":55,"column":19},"end":{"line":55,"column":null}}},"6":{"name":"(anonymous_7)","decl":{"start":{"line":59,"column":12},"end":{"line":59,"column":null}},"loc":{"start":{"line":59,"column":12},"end":{"line":64,"column":5}}},"7":{"name":"(anonymous_8)","decl":{"start":{"line":61,"column":31},"end":{"line":61,"column":37}},"loc":{"start":{"line":61,"column":37},"end":{"line":61,"column":78}}},"8":{"name":"(anonymous_9)","decl":{"start":{"line":62,"column":13},"end":{"line":62,"column":19}},"loc":{"start":{"line":62,"column":19},"end":{"line":62,"column":null}}},"9":{"name":"(anonymous_10)","decl":{"start":{"line":66,"column":25},"end":{"line":66,"column":null}},"loc":{"start":{"line":66,"column":25},"end":{"line":87,"column":null}}},"10":{"name":"(anonymous_11)","decl":{"start":{"line":89,"column":27},"end":{"line":89,"column":28}},"loc":{"start":{"line":89,"column":43},"end":{"line":101,"column":null}}},"11":{"name":"(anonymous_12)","decl":{"start":{"line":103,"column":24},"end":{"line":103,"column":25}},"loc":{"start":{"line":103,"column":40},"end":{"line":112,"column":null}}},"12":{"name":"(anonymous_13)","decl":{"start":{"line":109,"column":40},"end":{"line":109,"column":41}},"loc":{"start":{"line":109,"column":47},"end":{"line":109,"column":58}}},"13":{"name":"(anonymous_14)","decl":{"start":{"line":114,"column":22},"end":{"line":114,"column":23}},"loc":{"start":{"line":114,"column":23},"end":{"line":123,"column":null}}},"14":{"name":"(anonymous_15)","decl":{"start":{"line":125,"column":23},"end":{"line":125,"column":null}},"loc":{"start":{"line":125,"column":23},"end":{"line":160,"column":null}}},"15":{"name":"(anonymous_16)","decl":{"start":{"line":162,"column":21},"end":{"line":162,"column":22}},"loc":{"start":{"line":162,"column":22},"end":{"line":166,"column":null}}},"16":{"name":"(anonymous_17)","decl":{"start":{"line":187,"column":25},"end":{"line":187,"column":31}},"loc":{"start":{"line":187,"column":31},"end":{"line":187,"column":null}}},"17":{"name":"(anonymous_18)","decl":{"start":{"line":201,"column":25},"end":{"line":201,"column":31}},"loc":{"start":{"line":201,"column":31},"end":{"line":201,"column":null}}},"18":{"name":"(anonymous_19)","decl":{"start":{"line":222,"column":24},"end":{"line":222,"column":25}},"loc":{"start":{"line":223,"column":16},"end":{"line":224,"column":null}}},"19":{"name":"(anonymous_20)","decl":{"start":{"line":225,"column":23},"end":{"line":225,"column":24}},"loc":{"start":{"line":225,"column":24},"end":{"line":227,"column":null}}},"20":{"name":"(anonymous_21)","decl":{"start":{"line":232,"column":28},"end":{"line":232,"column":29}},"loc":{"start":{"line":232,"column":35},"end":{"line":232,"column":null}}},"21":{"name":"(anonymous_22)","decl":{"start":{"line":233,"column":29},"end":{"line":233,"column":30}},"loc":{"start":{"line":233,"column":36},"end":{"line":233,"column":null}}},"22":{"name":"(anonymous_23)","decl":{"start":{"line":276,"column":49},"end":{"line":276,"column":50}},"loc":{"start":{"line":276,"column":56},"end":{"line":276,"column":null}}},"23":{"name":"(anonymous_24)","decl":{"start":{"line":320,"column":23},"end":{"line":320,"column":29}},"loc":{"start":{"line":320,"column":29},"end":{"line":320,"column":null}}}},"branchMap":{"0":{"loc":{"start":{"line":39,"column":8},"end":{"line":43,"column":null}},"type":"if","locations":[{"start":{"line":39,"column":8},"end":{"line":43,"column":null}},{"start":{"line":41,"column":15},"end":{"line":43,"column":null}}]},"1":{"loc":{"start":{"line":40,"column":26},"end":{"line":40,"column":null}},"type":"binary-expr","locations":[{"start":{"line":40,"column":26},"end":{"line":40,"column":39}},{"start":{"line":40,"column":43},"end":{"line":40,"column":null}}]},"2":{"loc":{"start":{"line":53,"column":4},"end":{"line":56,"column":null}},"type":"if","locations":[{"start":{"line":53,"column":4},"end":{"line":56,"column":null}},{"start":{},"end":{}}]},"3":{"loc":{"start":{"line":60,"column":4},"end":{"line":63,"column":null}},"type":"if","locations":[{"start":{"line":60,"column":4},"end":{"line":63,"column":null}},{"start":{},"end":{}}]},"4":{"loc":{"start":{"line":79,"column":6},"end":{"line":83,"column":null}},"type":"if","locations":[{"start":{"line":79,"column":6},"end":{"line":83,"column":null}},{"start":{"line":81,"column":13},"end":{"line":83,"column":null}}]},"5":{"loc":{"start":{"line":80,"column":24},"end":{"line":80,"column":null}},"type":"binary-expr","locations":[{"start":{"line":80,"column":24},"end":{"line":80,"column":37}},{"start":{"line":80,"column":41},"end":{"line":80,"column":null}}]},"6":{"loc":{"start":{"line":91,"column":4},"end":{"line":91,"column":null}},"type":"if","locations":[{"start":{"line":91,"column":4},"end":{"line":91,"column":null}},{"start":{},"end":{}}]},"7":{"loc":{"start":{"line":91,"column":8},"end":{"line":91,"column":38}},"type":"binary-expr","locations":[{"start":{"line":91,"column":8},"end":{"line":91,"column":17}},{"start":{"line":91,"column":17},"end":{"line":91,"column":38}}]},"8":{"loc":{"start":{"line":98,"column":4},"end":{"line":100,"column":null}},"type":"if","locations":[{"start":{"line":98,"column":4},"end":{"line":100,"column":null}},{"start":{},"end":{}}]},"9":{"loc":{"start":{"line":98,"column":8},"end":{"line":98,"column":28}},"type":"binary-expr","locations":[{"start":{"line":98,"column":8},"end":{"line":98,"column":17}},{"start":{"line":98,"column":17},"end":{"line":98,"column":28}}]},"10":{"loc":{"start":{"line":105,"column":4},"end":{"line":107,"column":null}},"type":"if","locations":[{"start":{"line":105,"column":4},"end":{"line":107,"column":null}},{"start":{},"end":{}}]},"11":{"loc":{"start":{"line":105,"column":8},"end":{"line":105,"column":60}},"type":"binary-expr","locations":[{"start":{"line":105,"column":8},"end":{"line":105,"column":33}},{"start":{"line":105,"column":33},"end":{"line":105,"column":45}},{"start":{"line":105,"column":49},"end":{"line":105,"column":60}}]},"12":{"loc":{"start":{"line":109,"column":4},"end":{"line":111,"column":null}},"type":"if","locations":[{"start":{"line":109,"column":4},"end":{"line":111,"column":null}},{"start":{},"end":{}}]},"13":{"loc":{"start":{"line":109,"column":8},"end":{"line":109,"column":58}},"type":"binary-expr","locations":[{"start":{"line":109,"column":8},"end":{"line":109,"column":29}},{"start":{"line":109,"column":29},"end":{"line":109,"column":58}}]},"14":{"loc":{"start":{"line":117,"column":4},"end":{"line":122,"column":null}},"type":"if","locations":[{"start":{"line":117,"column":4},"end":{"line":122,"column":null}},{"start":{},"end":{}}]},"15":{"loc":{"start":{"line":127,"column":4},"end":{"line":130,"column":null}},"type":"if","locations":[{"start":{"line":127,"column":4},"end":{"line":130,"column":null}},{"start":{},"end":{}}]},"16":{"loc":{"start":{"line":138,"column":6},"end":{"line":143,"column":null}},"type":"if","locations":[{"start":{"line":138,"column":6},"end":{"line":143,"column":null}},{"start":{},"end":{}}]},"17":{"loc":{"start":{"line":145,"column":6},"end":{"line":156,"column":null}},"type":"if","locations":[{"start":{"line":145,"column":6},"end":{"line":156,"column":null}},{"start":{"line":154,"column":13},"end":{"line":156,"column":null}}]},"18":{"loc":{"start":{"line":146,"column":24},"end":{"line":146,"column":null}},"type":"binary-expr","locations":[{"start":{"line":146,"column":24},"end":{"line":146,"column":37}},{"start":{"line":146,"column":41},"end":{"line":146,"column":null}}]},"19":{"loc":{"start":{"line":151,"column":25},"end":{"line":151,"column":null}},"type":"cond-expr","locations":[{"start":{"line":151,"column":54},"end":{"line":151,"column":74}},{"start":{"line":151,"column":74},"end":{"line":151,"column":null}}]},"20":{"loc":{"start":{"line":191,"column":20},"end":{"line":193,"column":null}},"type":"cond-expr","locations":[{"start":{"line":192,"column":24},"end":{"line":192,"column":null}},{"start":{"line":193,"column":24},"end":{"line":193,"column":null}}]},"21":{"loc":{"start":{"line":205,"column":20},"end":{"line":207,"column":null}},"type":"cond-expr","locations":[{"start":{"line":206,"column":24},"end":{"line":206,"column":null}},{"start":{"line":207,"column":24},"end":{"line":207,"column":null}}]},"22":{"loc":{"start":{"line":242,"column":22},"end":{"line":244,"column":null}},"type":"cond-expr","locations":[{"start":{"line":243,"column":26},"end":{"line":243,"column":null}},{"start":{"line":244,"column":26},"end":{"line":244,"column":null}}]},"23":{"loc":{"start":{"line":250,"column":13},"end":{"line":250,"column":null}},"type":"binary-expr","locations":[{"start":{"line":250,"column":13},"end":{"line":250,"column":null}}]},"24":{"loc":{"start":{"line":258,"column":11},"end":{"line":258,"column":null}},"type":"binary-expr","locations":[{"start":{"line":258,"column":11},"end":{"line":258,"column":null}}]},"25":{"loc":{"start":{"line":263,"column":15},"end":{"line":263,"column":45}},"type":"binary-expr","locations":[{"start":{"line":263,"column":15},"end":{"line":263,"column":45}},{"start":{"line":263,"column":45},"end":{"line":263,"column":null}}]},"26":{"loc":{"start":{"line":276,"column":24},"end":{"line":276,"column":null}},"type":"binary-expr","locations":[{"start":{"line":276,"column":24},"end":{"line":276,"column":39}},{"start":{"line":276,"column":39},"end":{"line":276,"column":null}}]},"27":{"loc":{"start":{"line":290,"column":15},"end":{"line":290,"column":null}},"type":"cond-expr","locations":[{"start":{"line":290,"column":29},"end":{"line":290,"column":40}},{"start":{"line":290,"column":40},"end":{"line":290,"column":null}}]},"28":{"loc":{"start":{"line":296,"column":24},"end":{"line":296,"column":null}},"type":"binary-expr","locations":[{"start":{"line":296,"column":24},"end":{"line":296,"column":37}},{"start":{"line":296,"column":37},"end":{"line":296,"column":null}}]},"29":{"loc":{"start":{"line":311,"column":15},"end":{"line":315,"column":null}},"type":"cond-expr","locations":[{"start":{"line":312,"column":18},"end":{"line":312,"column":null}},{"start":{"line":313,"column":18},"end":{"line":315,"column":null}}]},"30":{"loc":{"start":{"line":313,"column":18},"end":{"line":315,"column":null}},"type":"cond-expr","locations":[{"start":{"line":314,"column":18},"end":{"line":314,"column":46}},{"start":{"line":315,"column":18},"end":{"line":315,"column":null}}]}},"s":{"0":0,"1":0,"2":0,"3":0,"4":0,"5":0,"6":0,"7":0,"8":0,"9":0,"10":0,"11":0,"12":0,"13":0,"14":0,"15":0,"16":0,"17":0,"18":0,"19":0,"20":0,"21":0,"22":0,"23":0,"24":0,"25":0,"26":0,"27":0,"28":0,"29":0,"30":0,"31":0,"32":0,"33":0,"34":0,"35":0,"36":0,"37":0,"38":0,"39":0,"40":0,"41":0,"42":0,"43":0,"44":0,"45":0,"46":0,"47":0,"48":0,"49":0,"50":0,"51":0,"52":0,"53":0,"54":0,"55":0,"56":0,"57":0,"58":0,"59":0,"60":0,"61":0,"62":0,"63":0,"64":0,"65":0,"66":0,"67":0,"68":0,"69":0,"70":0,"71":0,"72":0,"73":0,"74":0,"75":0,"76":0,"77":0,"78":0,"79":0,"80":0,"81":0,"82":0,"83":0,"84":0,"85":0,"86":0,"87":0,"88":0,"89":0,"90":0,"91":0,"92":0,"93":0,"94":0,"95":0,"96":0,"97":0,"98":0,"99":0,"100":0,"101":0,"102":0,"103":0,"104":0,"105":0,"106":0},"f":{"0":0,"1":0,"2":0,"3":0,"4":0,"5":0,"6":0,"7":0,"8":0,"9":0,"10":0,"11":0,"12":0,"13":0,"14":0,"15":0,"16":0,"17":0,"18":0,"19":0,"20":0,"21":0,"22":0,"23":0},"b":{"0":[0,0],"1":[0,0],"2":[0,0],"3":[0,0],"4":[0,0],"5":[0,0],"6":[0,0],"7":[0,0],"8":[0,0],"9":[0,0],"10":[0,0],"11":[0,0,0],"12":[0,0],"13":[0,0],"14":[0,0],"15":[0,0],"16":[0,0],"17":[0,0],"18":[0,0],"19":[0,0],"20":[0,0],"21":[0,0],"22":[0,0],"23":[0],"24":[0],"25":[0,0],"26":[0,0],"27":[0,0],"28":[0,0],"29":[0,0],"30":[0,0]}}
,"/Users/wilson/Documents/5. Projects/7.1.Web_Warehousing/components/dashboard/ChartWidget.tsx": {"path":"/Users/wilson/Documents/5. Projects/7.1.Web_Warehousing/components/dashboard/ChartWidget.tsx","statementMap":{"0":{"start":{"line":17,"column":24},"end":{"line":17,"column":36}},"1":{"start":{"line":18,"column":19},"end":{"line":18,"column":null}},"2":{"start":{"line":27,"column":24},"end":{"line":27,"column":42}},"3":{"start":{"line":28,"column":29},"end":{"line":28,"column":null}},"4":{"start":{"line":30,"column":10},"end":{"line":31,"column":29}}},"fnMap":{"0":{"name":"ChartWidget","decl":{"start":{"line":17,"column":24},"end":{"line":17,"column":36}},"loc":{"start":{"line":17,"column":62},"end":{"line":50,"column":null}}},"1":{"name":"(anonymous_2)","decl":{"start":{"line":26,"column":25},"end":{"line":26,"column":26}},"loc":{"start":{"line":26,"column":33},"end":{"line":46,"column":null}}}},"branchMap":{},"s":{"0":0,"1":0,"2":0,"3":0,"4":0},"f":{"0":0,"1":0},"b":{}}
,"/Users/wilson/Documents/5. Projects/7.1.Web_Warehousing/components/dashboard/NotificationsWidget.tsx": {"path":"/Users/wilson/Documents/5. Projects/7.1.Web_Warehousing/components/dashboard/NotificationsWidget.tsx","statementMap":{"0":{"start":{"line":18,"column":24},"end":{"line":18,"column":44}},"1":{"start":{"line":3,"column":25},"end":{"line":3,"column":null}},"2":{"start":{"line":21,"column":26},"end":{"line":21,"column":null}},"3":{"start":{"line":23,"column":30},"end":{"line":44,"column":null}},"4":{"start":{"line":24,"column":4},"end":{"line":43,"column":null}},"5":{"start":{"line":46,"column":21},"end":{"line":56,"column":null}},"6":{"start":{"line":47,"column":17},"end":{"line":47,"column":null}},"7":{"start":{"line":48,"column":16},"end":{"line":48,"column":null}},"8":{"start":{"line":49,"column":17},"end":{"line":49,"column":null}},"9":{"start":{"line":50,"column":18},"end":{"line":50,"column":null}},"10":{"start":{"line":51,"column":17},"end":{"line":51,"column":null}},"11":{"start":{"line":53,"column":4},"end":{"line":53,"column":null}},"12":{"start":{"line":53,"column":18},"end":{"line":53,"column":null}},"13":{"start":{"line":54,"column":4},"end":{"line":54,"column":null}},"14":{"start":{"line":54,"column":19},"end":{"line":54,"column":null}},"15":{"start":{"line":55,"column":4},"end":{"line":55,"column":null}},"16":{"start":{"line":68,"column":12},"end":{"line":69,"column":null}}},"fnMap":{"0":{"name":"NotificationsWidget","decl":{"start":{"line":18,"column":24},"end":{"line":18,"column":44}},"loc":{"start":{"line":20,"column":27},"end":{"line":101,"column":null}}},"1":{"name":"(anonymous_2)","decl":{"start":{"line":23,"column":30},"end":{"line":23,"column":31}},"loc":{"start":{"line":23,"column":31},"end":{"line":44,"column":null}}},"2":{"name":"(anonymous_3)","decl":{"start":{"line":46,"column":21},"end":{"line":46,"column":22}},"loc":{"start":{"line":46,"column":22},"end":{"line":56,"column":null}}},"3":{"name":"(anonymous_4)","decl":{"start":{"line":67,"column":28},"end":{"line":67,"column":29}},"loc":{"start":{"line":68,"column":12},"end":{"line":69,"column":null}}}},"branchMap":{"0":{"loc":{"start":{"line":53,"column":4},"end":{"line":53,"column":null}},"type":"if","locations":[{"start":{"line":53,"column":4},"end":{"line":53,"column":null}},{"start":{},"end":{}}]},"1":{"loc":{"start":{"line":54,"column":4},"end":{"line":54,"column":null}},"type":"if","locations":[{"start":{"line":54,"column":4},"end":{"line":54,"column":null}},{"start":{},"end":{}}]},"2":{"loc":{"start":{"line":64,"column":9},"end":{"line":69,"column":null}},"type":"cond-expr","locations":[{"start":{"line":65,"column":10},"end":{"line":67,"column":24}},{"start":{"line":67,"column":10},"end":{"line":69,"column":null}}]},"3":{"loc":{"start":{"line":71,"column":16},"end":{"line":73,"column":null}},"type":"cond-expr","locations":[{"start":{"line":72,"column":20},"end":{"line":72,"column":null}},{"start":{"line":73,"column":20},"end":{"line":73,"column":null}}]},"4":{"loc":{"start":{"line":83,"column":21},"end":{"line":83,"column":39}},"type":"binary-expr","locations":[{"start":{"line":83,"column":21},"end":{"line":83,"column":39}}]}},"s":{"0":0,"1":0,"2":0,"3":0,"4":0,"5":0,"6":0,"7":0,"8":0,"9":0,"10":0,"11":0,"12":0,"13":0,"14":0,"15":0,"16":0},"f":{"0":0,"1":0,"2":0,"3":0},"b":{"0":[0,0],"1":[0,0],"2":[0,0],"3":[0,0],"4":[0]}}
,"/Users/wilson/Documents/5. Projects/7.1.Web_Warehousing/components/dashboard/TaskOverviewWidget.tsx": {"path":"/Users/wilson/Documents/5. Projects/7.1.Web_Warehousing/components/dashboard/TaskOverviewWidget.tsx","statementMap":{"0":{"start":{"line":17,"column":24},"end":{"line":17,"column":43}}},"fnMap":{"0":{"name":"TaskOverviewWidget","decl":{"start":{"line":17,"column":24},"end":{"line":17,"column":43}},"loc":{"start":{"line":19,"column":26},"end":{"line":53,"column":null}}}},"branchMap":{},"s":{"0":0},"f":{"0":0},"b":{}}
,"/Users/wilson/Documents/5. Projects/7.1.Web_Warehousing/components/dashboard/Top10ListWidget.tsx": {"path":"/Users/wilson/Documents/5. Projects/7.1.Web_Warehousing/components/dashboard/Top10ListWidget.tsx","statementMap":{"0":{"start":{"line":17,"column":24},"end":{"line":17,"column":40}},"1":{"start":{"line":28,"column":10},"end":{"line":29,"column":null}}},"fnMap":{"0":{"name":"Top10ListWidget","decl":{"start":{"line":17,"column":24},"end":{"line":17,"column":40}},"loc":{"start":{"line":20,"column":23},"end":{"line":48,"column":null}}},"1":{"name":"(anonymous_2)","decl":{"start":{"line":27,"column":18},"end":{"line":27,"column":19}},"loc":{"start":{"line":28,"column":10},"end":{"line":29,"column":null}}}},"branchMap":{},"s":{"0":0,"1":0},"f":{"0":0,"1":0},"b":{}}
,"/Users/wilson/Documents/5. Projects/7.1.Web_Warehousing/components/dashboard/VehicleStatusWidget.tsx": {"path":"/Users/wilson/Documents/5. Projects/7.1.Web_Warehousing/components/dashboard/VehicleStatusWidget.tsx","statementMap":{"0":{"start":{"line":15,"column":24},"end":{"line":15,"column":44}},"1":{"start":{"line":18,"column":25},"end":{"line":27,"column":null}},"2":{"start":{"line":19,"column":4},"end":{"line":26,"column":null}},"3":{"start":{"line":21,"column":8},"end":{"line":21,"column":null}},"4":{"start":{"line":23,"column":8},"end":{"line":23,"column":null}},"5":{"start":{"line":25,"column":8},"end":{"line":25,"column":null}},"6":{"start":{"line":29,"column":25},"end":{"line":38,"column":null}},"7":{"start":{"line":30,"column":4},"end":{"line":37,"column":null}},"8":{"start":{"line":32,"column":8},"end":{"line":32,"column":null}},"9":{"start":{"line":34,"column":8},"end":{"line":34,"column":null}},"10":{"start":{"line":36,"column":8},"end":{"line":36,"column":null}},"11":{"start":{"line":47,"column":10},"end":{"line":48,"column":null}}},"fnMap":{"0":{"name":"VehicleStatusWidget","decl":{"start":{"line":15,"column":24},"end":{"line":15,"column":44}},"loc":{"start":{"line":17,"column":27},"end":{"line":68,"column":null}}},"1":{"name":"(anonymous_2)","decl":{"start":{"line":18,"column":25},"end":{"line":18,"column":26}},"loc":{"start":{"line":18,"column":26},"end":{"line":27,"column":null}}},"2":{"name":"(anonymous_3)","decl":{"start":{"line":29,"column":25},"end":{"line":29,"column":26}},"loc":{"start":{"line":29,"column":26},"end":{"line":38,"column":null}}},"3":{"name":"(anonymous_4)","decl":{"start":{"line":46,"column":22},"end":{"line":46,"column":23}},"loc":{"start":{"line":47,"column":10},"end":{"line":48,"column":null}}}},"branchMap":{"0":{"loc":{"start":{"line":19,"column":4},"end":{"line":26,"column":null}},"type":"switch","locations":[{"start":{"line":20,"column":6},"end":{"line":21,"column":null}},{"start":{"line":22,"column":6},"end":{"line":23,"column":null}},{"start":{"line":24,"column":6},"end":{"line":25,"column":null}}]},"1":{"loc":{"start":{"line":30,"column":4},"end":{"line":37,"column":null}},"type":"switch","locations":[{"start":{"line":31,"column":6},"end":{"line":32,"column":null}},{"start":{"line":33,"column":6},"end":{"line":34,"column":null}},{"start":{"line":35,"column":6},"end":{"line":36,"column":null}}]}},"s":{"0":0,"1":0,"2":0,"3":0,"4":0,"5":0,"6":0,"7":0,"8":0,"9":0,"10":0,"11":0},"f":{"0":0,"1":0,"2":0,"3":0},"b":{"0":[0,0,0],"1":[0,0,0]}}
,"/Users/wilson/Documents/5. Projects/7.1.Web_Warehousing/components/dashboard/WarehouseInfoWidget.tsx": {"path":"/Users/wilson/Documents/5. Projects/7.1.Web_Warehousing/components/dashboard/WarehouseInfoWidget.tsx","statementMap":{"0":{"start":{"line":17,"column":24},"end":{"line":17,"column":44}},"1":{"start":{"line":27,"column":10},"end":{"line":28,"column":null}}},"fnMap":{"0":{"name":"WarehouseInfoWidget","decl":{"start":{"line":17,"column":24},"end":{"line":17,"column":44}},"loc":{"start":{"line":19,"column":27},"end":{"line":80,"column":null}}},"1":{"name":"(anonymous_2)","decl":{"start":{"line":26,"column":24},"end":{"line":26,"column":25}},"loc":{"start":{"line":27,"column":10},"end":{"line":28,"column":null}}}},"branchMap":{"0":{"loc":{"start":{"line":37,"column":18},"end":{"line":39,"column":null}},"type":"cond-expr","locations":[{"start":{"line":38,"column":22},"end":{"line":38,"column":null}},{"start":{"line":39,"column":22},"end":{"line":39,"column":null}}]}},"s":{"0":0,"1":0},"f":{"0":0,"1":0},"b":{"0":[0,0]}}
,"/Users/wilson/Documents/5. Projects/7.1.Web_Warehousing/components/dashboard/WarehouseInventoryWidget.tsx": {"path":"/Users/wilson/Documents/5. Projects/7.1.Web_Warehousing/components/dashboard/WarehouseInventoryWidget.tsx","statementMap":{"0":{"start":{"line":17,"column":24},"end":{"line":17,"column":49}}},"fnMap":{"0":{"name":"WarehouseInventoryWidget","decl":{"start":{"line":17,"column":24},"end":{"line":17,"column":49}},"loc":{"start":{"line":19,"column":32},"end":{"line":67,"column":null}}}},"branchMap":{"0":{"loc":{"start":{"line":56,"column":14},"end":{"line":58,"column":null}},"type":"cond-expr","locations":[{"start":{"line":57,"column":18},"end":{"line":57,"column":null}},{"start":{"line":58,"column":18},"end":{"line":58,"column":null}}]}},"s":{"0":0},"f":{"0":0},"b":{"0":[0,0]}}
,"/Users/wilson/Documents/5. Projects/7.1.Web_Warehousing/components/data/DataTable.tsx": {"path":"/Users/wilson/Documents/5. Projects/7.1.Web_Warehousing/components/data/DataTable.tsx","statementMap":{"0":{"start":{"line":45,"column":24},"end":{"line":45,"column":65}},"1":{"start":{"line":3,"column":34},"end":{"line":3,"column":null}},"2":{"start":{"line":8,"column":7},"end":{"line":8,"column":null}},"3":{"start":{"line":57,"column":40},"end":{"line":57,"column":null}},"4":{"start":{"line":58,"column":38},"end":{"line":58,"column":null}},"5":{"start":{"line":59,"column":44},"end":{"line":59,"column":null}},"6":{"start":{"line":60,"column":40},"end":{"line":60,"column":null}},"7":{"start":{"line":63,"column":23},"end":{"line":84,"column":null}},"8":{"start":{"line":64,"column":4},"end":{"line":66,"column":null}},"9":{"start":{"line":65,"column":6},"end":{"line":65,"column":null}},"10":{"start":{"line":68,"column":4},"end":{"line":74,"column":null}},"11":{"start":{"line":70,"column":6},"end":{"line":73,"column":null}},"12":{"start":{"line":72,"column":8},"end":{"line":72,"column":null}},"13":{"start":{"line":77,"column":18},"end":{"line":77,"column":null}},"14":{"start":{"line":78,"column":4},"end":{"line":82,"column":null}},"15":{"start":{"line":79,"column":6},"end":{"line":82,"column":null}},"16":{"start":{"line":80,"column":22},"end":{"line":80,"column":34}},"17":{"start":{"line":81,"column":8},"end":{"line":81,"column":null}},"18":{"start":{"line":87,"column":21},"end":{"line":103,"column":null}},"19":{"start":{"line":88,"column":4},"end":{"line":90,"column":null}},"20":{"start":{"line":89,"column":6},"end":{"line":89,"column":null}},"21":{"start":{"line":92,"column":19},"end":{"line":100,"column":null}},"22":{"start":{"line":93,"column":21},"end":{"line":93,"column":34}},"23":{"start":{"line":94,"column":21},"end":{"line":94,"column":34}},"24":{"start":{"line":96,"column":6},"end":{"line":96,"column":null}},"25":{"start":{"line":96,"column":29},"end":{"line":96,"column":null}},"26":{"start":{"line":98,"column":25},"end":{"line":98,"column":null}},"27":{"start":{"line":99,"column":6},"end":{"line":99,"column":null}},"28":{"start":{"line":102,"column":4},"end":{"line":102,"column":null}},"29":{"start":{"line":106,"column":24},"end":{"line":110,"column":null}},"30":{"start":{"line":107,"column":23},"end":{"line":107,"column":null}},"31":{"start":{"line":108,"column":21},"end":{"line":108,"column":null}},"32":{"start":{"line":109,"column":4},"end":{"line":109,"column":null}},"33":{"start":{"line":112,"column":21},"end":{"line":112,"column":null}},"34":{"start":{"line":115,"column":21},"end":{"line":133,"column":null}},"35":{"start":{"line":116,"column":19},"end":{"line":116,"column":null}},"36":{"start":{"line":116,"column":41},"end":{"line":116,"column":null}},"37":{"start":{"line":117,"column":4},"end":{"line":117,"column":null}},"38":{"start":{"line":117,"column":27},"end":{"line":117,"column":null}},"39":{"start":{"line":119,"column":4},"end":{"line":132,"column":null}},"40":{"start":{"line":121,"column":6},"end":{"line":128,"column":null}},"41":{"start":{"line":122,"column":8},"end":{"line":122,"column":null}},"42":{"start":{"line":123,"column":13},"end":{"line":128,"column":null}},"43":{"start":{"line":124,"column":8},"end":{"line":124,"column":null}},"44":{"start":{"line":125,"column":8},"end":{"line":125,"column":null}},"45":{"start":{"line":127,"column":8},"end":{"line":127,"column":null}},"46":{"start":{"line":130,"column":6},"end":{"line":130,"column":null}},"47":{"start":{"line":131,"column":6},"end":{"line":131,"column":null}},"48":{"start":{"line":136,"column":29},"end":{"line":139,"column":null}},"49":{"start":{"line":137,"column":4},"end":{"line":137,"column":null}},"50":{"start":{"line":138,"column":4},"end":{"line":138,"column":23}},"51":{"start":{"line":142,"column":31},"end":{"line":145,"column":null}},"52":{"start":{"line":143,"column":4},"end":{"line":143,"column":null}},"53":{"start":{"line":144,"column":4},"end":{"line":144,"column":null}},"54":{"start":{"line":148,"column":22},"end":{"line":170,"column":null}},"55":{"start":{"line":149,"column":4},"end":{"line":155,"column":null}},"56":{"start":{"line":157,"column":4},"end":{"line":163,"column":null}},"57":{"start":{"line":180,"column":29},"end":{"line":180,"column":null}},"58":{"start":{"line":186,"column":29},"end":{"line":186,"column":null}},"59":{"start":{"line":205,"column":16},"end":{"line":206,"column":null}},"60":{"start":{"line":212,"column":33},"end":{"line":212,"column":null}},"61":{"start":{"line":236,"column":36},"end":{"line":236,"column":null}},"62":{"start":{"line":237,"column":31},"end":{"line":237,"column":null}},"63":{"start":{"line":238,"column":35},"end":{"line":238,"column":null}},"64":{"start":{"line":240,"column":16},"end":{"line":242,"column":null}},"65":{"start":{"line":249,"column":35},"end":{"line":249,"column":null}},"66":{"start":{"line":252,"column":36},"end":{"line":252,"column":51}},"67":{"start":{"line":253,"column":22},"end":{"line":254,"column":45}},"68":{"start":{"line":281,"column":29},"end":{"line":281,"column":null}},"69":{"start":{"line":285,"column":14},"end":{"line":285,"column":33}},"70":{"start":{"line":293,"column":27},"end":{"line":293,"column":null}},"71":{"start":{"line":293,"column":52},"end":{"line":293,"column":null}},"72":{"start":{"line":303,"column":12},"end":{"line":311,"column":null}},"73":{"start":{"line":304,"column":14},"end":{"line":304,"column":null}},"74":{"start":{"line":305,"column":19},"end":{"line":311,"column":null}},"75":{"start":{"line":306,"column":14},"end":{"line":306,"column":null}},"76":{"start":{"line":307,"column":19},"end":{"line":311,"column":null}},"77":{"start":{"line":308,"column":14},"end":{"line":308,"column":null}},"78":{"start":{"line":310,"column":14},"end":{"line":310,"column":null}},"79":{"start":{"line":313,"column":12},"end":{"line":315,"column":null}},"80":{"start":{"line":316,"column":31},"end":{"line":316,"column":null}},"81":{"start":{"line":329,"column":27},"end":{"line":329,"column":null}},"82":{"start":{"line":329,"column":52},"end":{"line":329,"column":null}}},"fnMap":{"0":{"name":"DataTable","decl":{"start":{"line":45,"column":24},"end":{"line":45,"column":65}},"loc":{"start":{"line":56,"column":20},"end":{"line":339,"column":null}}},"1":{"name":"(anonymous_2)","decl":{"start":{"line":63,"column":31},"end":{"line":63,"column":null}},"loc":{"start":{"line":63,"column":31},"end":{"line":84,"column":5}}},"2":{"name":"(anonymous_3)","decl":{"start":{"line":70,"column":25},"end":{"line":70,"column":26}},"loc":{"start":{"line":70,"column":26},"end":{"line":73,"column":null}}},"3":{"name":"(anonymous_4)","decl":{"start":{"line":78,"column":23},"end":{"line":78,"column":24}},"loc":{"start":{"line":79,"column":6},"end":{"line":82,"column":null}}},"4":{"name":"(anonymous_5)","decl":{"start":{"line":79,"column":19},"end":{"line":79,"column":20}},"loc":{"start":{"line":79,"column":20},"end":{"line":82,"column":null}}},"5":{"name":"(anonymous_6)","decl":{"start":{"line":87,"column":29},"end":{"line":87,"column":null}},"loc":{"start":{"line":87,"column":29},"end":{"line":103,"column":5}}},"6":{"name":"(anonymous_7)","decl":{"start":{"line":92,"column":42},"end":{"line":92,"column":43}},"loc":{"start":{"line":92,"column":46},"end":{"line":100,"column":null}}},"7":{"name":"(anonymous_8)","decl":{"start":{"line":106,"column":32},"end":{"line":106,"column":null}},"loc":{"start":{"line":106,"column":32},"end":{"line":110,"column":5}}},"8":{"name":"(anonymous_9)","decl":{"start":{"line":115,"column":21},"end":{"line":115,"column":22}},"loc":{"start":{"line":115,"column":22},"end":{"line":133,"column":null}}},"9":{"name":"(anonymous_10)","decl":{"start":{"line":116,"column":32},"end":{"line":116,"column":33}},"loc":{"start":{"line":116,"column":41},"end":{"line":116,"column":null}}},"10":{"name":"(anonymous_11)","decl":{"start":{"line":136,"column":29},"end":{"line":136,"column":30}},"loc":{"start":{"line":136,"column":30},"end":{"line":139,"column":null}}},"11":{"name":"(anonymous_12)","decl":{"start":{"line":142,"column":31},"end":{"line":142,"column":32}},"loc":{"start":{"line":142,"column":32},"end":{"line":145,"column":null}}},"12":{"name":"(anonymous_13)","decl":{"start":{"line":148,"column":22},"end":{"line":148,"column":23}},"loc":{"start":{"line":148,"column":23},"end":{"line":170,"column":null}}},"13":{"name":"(anonymous_14)","decl":{"start":{"line":180,"column":22},"end":{"line":180,"column":23}},"loc":{"start":{"line":180,"column":29},"end":{"line":180,"column":null}}},"14":{"name":"(anonymous_15)","decl":{"start":{"line":186,"column":23},"end":{"line":186,"column":29}},"loc":{"start":{"line":186,"column":29},"end":{"line":186,"column":null}}},"15":{"name":"(anonymous_16)","decl":{"start":{"line":204,"column":27},"end":{"line":204,"column":28}},"loc":{"start":{"line":205,"column":16},"end":{"line":206,"column":null}}},"16":{"name":"(anonymous_17)","decl":{"start":{"line":212,"column":27},"end":{"line":212,"column":33}},"loc":{"start":{"line":212,"column":33},"end":{"line":212,"column":null}}},"17":{"name":"(anonymous_18)","decl":{"start":{"line":235,"column":32},"end":{"line":235,"column":33}},"loc":{"start":{"line":235,"column":38},"end":{"line":263,"column":null}}},"18":{"name":"(anonymous_19)","decl":{"start":{"line":249,"column":29},"end":{"line":249,"column":35}},"loc":{"start":{"line":249,"column":35},"end":{"line":249,"column":null}}},"19":{"name":"(anonymous_20)","decl":{"start":{"line":251,"column":33},"end":{"line":251,"column":34}},"loc":{"start":{"line":251,"column":34},"end":{"line":260,"column":null}}},"20":{"name":"(anonymous_21)","decl":{"start":{"line":281,"column":22},"end":{"line":281,"column":23}},"loc":{"start":{"line":281,"column":29},"end":{"line":281,"column":null}}},"21":{"name":"(anonymous_22)","decl":{"start":{"line":284,"column":35},"end":{"line":284,"column":36}},"loc":{"start":{"line":285,"column":14},"end":{"line":285,"column":33}}},"22":{"name":"(anonymous_23)","decl":{"start":{"line":293,"column":21},"end":{"line":293,"column":27}},"loc":{"start":{"line":293,"column":27},"end":{"line":293,"column":null}}},"23":{"name":"(anonymous_24)","decl":{"start":{"line":293,"column":42},"end":{"line":293,"column":43}},"loc":{"start":{"line":293,"column":52},"end":{"line":293,"column":null}}},"24":{"name":"(anonymous_25)","decl":{"start":{"line":301,"column":59},"end":{"line":301,"column":60}},"loc":{"start":{"line":301,"column":63},"end":{"line":325,"column":null}}},"25":{"name":"(anonymous_26)","decl":{"start":{"line":316,"column":25},"end":{"line":316,"column":31}},"loc":{"start":{"line":316,"column":31},"end":{"line":316,"column":null}}},"26":{"name":"(anonymous_27)","decl":{"start":{"line":329,"column":21},"end":{"line":329,"column":27}},"loc":{"start":{"line":329,"column":27},"end":{"line":329,"column":null}}},"27":{"name":"(anonymous_28)","decl":{"start":{"line":329,"column":42},"end":{"line":329,"column":43}},"loc":{"start":{"line":329,"column":52},"end":{"line":329,"column":null}}}},"branchMap":{"0":{"loc":{"start":{"line":48,"column":2},"end":{"line":48,"column":30}},"type":"default-arg","locations":[{"start":{"line":48,"column":13},"end":{"line":48,"column":30}}]},"1":{"loc":{"start":{"line":51,"column":2},"end":{"line":51,"column":25}},"type":"default-arg","locations":[{"start":{"line":51,"column":21},"end":{"line":51,"column":25}}]},"2":{"loc":{"start":{"line":52,"column":2},"end":{"line":52,"column":19}},"type":"default-arg","locations":[{"start":{"line":52,"column":15},"end":{"line":52,"column":19}}]},"3":{"loc":{"start":{"line":53,"column":2},"end":{"line":53,"column":29}},"type":"default-arg","locations":[{"start":{"line":53,"column":22},"end":{"line":53,"column":29}}]},"4":{"loc":{"start":{"line":55,"column":2},"end":{"line":55,"column":22}},"type":"default-arg","locations":[{"start":{"line":55,"column":17},"end":{"line":55,"column":22}}]},"5":{"loc":{"start":{"line":64,"column":4},"end":{"line":66,"column":null}},"type":"if","locations":[{"start":{"line":64,"column":4},"end":{"line":66,"column":null}},{"start":{},"end":{}}]},"6":{"loc":{"start":{"line":68,"column":4},"end":{"line":74,"column":null}},"type":"if","locations":[{"start":{"line":68,"column":4},"end":{"line":74,"column":null}},{"start":{},"end":{}}]},"7":{"loc":{"start":{"line":88,"column":4},"end":{"line":90,"column":null}},"type":"if","locations":[{"start":{"line":88,"column":4},"end":{"line":90,"column":null}},{"start":{},"end":{}}]},"8":{"loc":{"start":{"line":88,"column":8},"end":{"line":88,"column":39}},"type":"binary-expr","locations":[{"start":{"line":88,"column":8},"end":{"line":88,"column":23}},{"start":{"line":88,"column":23},"end":{"line":88,"column":39}}]},"9":{"loc":{"start":{"line":96,"column":6},"end":{"line":96,"column":null}},"type":"if","locations":[{"start":{"line":96,"column":6},"end":{"line":96,"column":null}},{"start":{},"end":{}}]},"10":{"loc":{"start":{"line":98,"column":25},"end":{"line":98,"column":null}},"type":"cond-expr","locations":[{"start":{"line":98,"column":43},"end":{"line":98,"column":48}},{"start":{"line":98,"column":48},"end":{"line":98,"column":null}}]},"11":{"loc":{"start":{"line":99,"column":13},"end":{"line":99,"column":null}},"type":"cond-expr","locations":[{"start":{"line":99,"column":39},"end":{"line":99,"column":52}},{"start":{"line":99,"column":52},"end":{"line":99,"column":null}}]},"12":{"loc":{"start":{"line":117,"column":4},"end":{"line":117,"column":null}},"type":"if","locations":[{"start":{"line":117,"column":4},"end":{"line":117,"column":null}},{"start":{},"end":{}}]},"13":{"loc":{"start":{"line":119,"column":4},"end":{"line":132,"column":null}},"type":"if","locations":[{"start":{"line":119,"column":4},"end":{"line":132,"column":null}},{"start":{"line":129,"column":11},"end":{"line":132,"column":null}}]},"14":{"loc":{"start":{"line":121,"column":6},"end":{"line":128,"column":null}},"type":"if","locations":[{"start":{"line":121,"column":6},"end":{"line":128,"column":null}},{"start":{"line":123,"column":13},"end":{"line":128,"column":null}}]},"15":{"loc":{"start":{"line":123,"column":13},"end":{"line":128,"column":null}},"type":"if","locations":[{"start":{"line":123,"column":13},"end":{"line":128,"column":null}},{"start":{"line":126,"column":13},"end":{"line":128,"column":null}}]},"16":{"loc":{"start":{"line":149,"column":4},"end":{"line":155,"column":null}},"type":"if","locations":[{"start":{"line":149,"column":4},"end":{"line":155,"column":null}},{"start":{},"end":{}}]},"17":{"loc":{"start":{"line":157,"column":4},"end":{"line":163,"column":null}},"type":"if","locations":[{"start":{"line":157,"column":4},"end":{"line":163,"column":null}},{"start":{},"end":{}}]},"18":{"loc":{"start":{"line":175,"column":7},"end":{"line":175,"column":null}},"type":"binary-expr","locations":[{"start":{"line":175,"column":7},"end":{"line":175,"column":null}}]},"19":{"loc":{"start":{"line":184,"column":11},"end":{"line":184,"column":null}},"type":"binary-expr","locations":[{"start":{"line":184,"column":11},"end":{"line":184,"column":null}}]},"20":{"loc":{"start":{"line":209,"column":22},"end":{"line":209,"column":70}},"type":"cond-expr","locations":[{"start":{"line":209,"column":40},"end":{"line":209,"column":64}},{"start":{"line":2
[...]
:{"start":{"line":172,"column":2},"end":{"line":176,"column":null}},"34":{"start":{"line":183,"column":2},"end":{"line":186,"column":null}},"35":{"start":{"line":193,"column":2},"end":{"line":196,"column":null}}},"fnMap":{"0":{"name":"getClientIP","decl":{"start":{"line":34,"column":9},"end":{"line":34,"column":null}},"loc":{"start":{"line":34,"column":9},"end":{"line":38,"column":null}}},"1":{"name":"generateTrackingId","decl":{"start":{"line":43,"column":9},"end":{"line":43,"column":null}},"loc":{"start":{"line":43,"column":9},"end":{"line":45,"column":null}}},"2":{"name":"logAuditEvent","decl":{"start":{"line":50,"column":22},"end":{"line":50,"column":35}},"loc":{"start":{"line":50,"column":53},"end":{"line":93,"column":null}}},"3":{"name":"logLoginSuccess","decl":{"start":{"line":98,"column":22},"end":{"line":98,"column":37}},"loc":{"start":{"line":98,"column":75},"end":{"line":104,"column":null}}},"4":{"name":"logLoginFailed","decl":{"start":{"line":109,"column":22},"end":{"line":109,"column":36}},"loc":{"start":{"line":112,"column":21},"end":{"line":120,"column":null}}},"5":{"name":"logLoginLocked","decl":{"start":{"line":125,"column":22},"end":{"line":125,"column":36}},"loc":{"start":{"line":125,"column":74},"end":{"line":132,"column":null}}},"6":{"name":"logLogout","decl":{"start":{"line":137,"column":22},"end":{"line":137,"column":31}},"loc":{"start":{"line":137,"column":51},"end":{"line":142,"column":null}}},"7":{"name":"log2FASend","decl":{"start":{"line":147,"column":22},"end":{"line":147,"column":32}},"loc":{"start":{"line":147,"column":77},"end":{"line":153,"column":null}}},"8":{"name":"log2FAVerifySuccess","decl":{"start":{"line":158,"column":22},"end":{"line":158,"column":41}},"loc":{"start":{"line":158,"column":61},"end":{"line":163,"column":null}}},"9":{"name":"log2FAVerifyFailed","decl":{"start":{"line":168,"column":22},"end":{"line":168,"column":40}},"loc":{"start":{"line":170,"column":21},"end":{"line":177,"column":null}}},"10":{"name":"logAutoLogout","decl":{"start":{"line":182,"column":22},"end":{"line":182,"column":35}},"loc":{"start":{"line":182,"column":55},"end":{"line":187,"column":null}}},"11":{"name":"logSessionExtended","decl":{"start":{"line":192,"column":22},"end":{"line":192,"column":40}},"loc":{"start":{"line":192,"column":60},"end":{"line":197,"column":null}}}},"branchMap":{"0":{"loc":{"start":{"line":4,"column":21},"end":{"line":4,"column":null}},"type":"binary-expr","locations":[{"start":{"line":4,"column":21},"end":{"line":4,"column":52}},{"start":{"line":4,"column":56},"end":{"line":4,"column":null}}]},"1":{"loc":{"start":{"line":37,"column":9},"end":{"line":37,"column":null}},"type":"cond-expr","locations":[{"start":{"line":37,"column":41},"end":{"line":37,"column":65}},{"start":{"line":37,"column":68},"end":{"line":37,"column":null}}]},"2":{"loc":{"start":{"line":56,"column":4},"end":{"line":58,"column":null}},"type":"if","locations":[{"start":{"line":56,"column":4},"end":{"line":58,"column":null}},{"start":{},"end":{}}]},"3":{"loc":{"start":{"line":56,"column":8},"end":{"line":56,"column":96}},"type":"binary-expr","locations":[{"start":{"line":56,"column":8},"end":{"line":56,"column":18}},{"start":{"line":56,"column":18},"end":{"line":56,"column":96}}]},"4":{"loc":{"start":{"line":62,"column":14},"end":{"line":62,"column":null}},"type":"binary-expr","locations":[{"start":{"line":62,"column":14},"end":{"line":62,"column":26}},{"start":{"line":62,"column":30},"end":{"line":62,"column":null}}]},"5":{"loc":{"start":{"line":63,"column":16},"end":{"line":63,"column":null}},"type":"binary-expr","locations":[{"start":{"line":63,"column":16},"end":{"line":63,"column":30}},{"start":{"line":63,"column":34},"end":{"line":63,"column":null}}]},"6":{"loc":{"start":{"line":64,"column":17},"end":{"line":64,"column":null}},"type":"binary-expr","locations":[{"start":{"line":64,"column":17},"end":{"line":64,"column":32}},{"start":{"line":64,"column":36},"end":{"line":64,"column":null}}]},"7":{"loc":{"start":{"line":65,"column":17},"end":{"line":65,"column":null}},"type":"cond-expr","locations":[{"start":{"line":65,"column":49},"end":{"line":65,"column":75}},{"start":{"line":65,"column":78},"end":{"line":65,"column":null}}]},"8":{"loc":{"start":{"line":67,"column":18},"end":{"line":67,"column":null}},"type":"binary-expr","locations":[{"start":{"line":67,"column":18},"end":{"line":67,"column":34}},{"start":{"line":67,"column":38},"end":{"line":67,"column":null}}]},"9":{"loc":{"start":{"line":76,"column":6},"end":{"line":78,"column":null}},"type":"if","locations":[{"start":{"line":76,"column":6},"end":{"line":78,"column":null}},{"start":{},"end":{}}]}},"s":{"0":0,"1":0,"2":0,"3":0,"4":0,"5":1,"6":1,"7":1,"8":0,"9":0,"10":2,"11":2,"12":3,"13":3,"14":3,"15":3,"16":3,"17":3,"18":0,"19":3,"20":3,"21":3,"22":3,"23":1,"24":3,"25":0,"26":0,"27":1,"28":1,"29":1,"30":0,"31":0,"32":0,"33":0,"34":0,"35":0},"f":{"0":3,"1":3,"2":3,"3":1,"4":1,"5":1,"6":0,"7":0,"8":0,"9":0,"10":0,"11":0},"b":{"0":[2,2],"1":[3,0],"2":[0,3],"3":[3,2],"4":[3,3],"5":[3,0],"6":[3,3],"7":[3,0],"8":[3,3],"9":[1,2]}}
,"/Users/wilson/Documents/5. Projects/7.1.Web_Warehousing/lib/services/menuService.ts": {"path":"/Users/wilson/Documents/5. Projects/7.1.Web_Warehousing/lib/services/menuService.ts","statementMap":{"0":{"start":{"line":93,"column":16},"end":{"line":93,"column":34}},"1":{"start":{"line":86,"column":16},"end":{"line":86,"column":27}},"2":{"start":{"line":72,"column":16},"end":{"line":72,"column":32}},"3":{"start":{"line":1,"column":57},"end":{"line":1,"column":null}},"4":{"start":{"line":2,"column":28},"end":{"line":2,"column":null}},"5":{"start":{"line":12,"column":2},"end":{"line":14,"column":null}},"6":{"start":{"line":13,"column":4},"end":{"line":13,"column":null}},"7":{"start":{"line":17,"column":2},"end":{"line":24,"column":null}},"8":{"start":{"line":18,"column":28},"end":{"line":19,"column":null}},"9":{"start":{"line":19,"column":6},"end":{"line":19,"column":null}},"10":{"start":{"line":21,"column":4},"end":{"line":23,"column":null}},"11":{"start":{"line":22,"column":6},"end":{"line":22,"column":null}},"12":{"start":{"line":27,"column":2},"end":{"line":34,"column":null}},"13":{"start":{"line":28,"column":34},"end":{"line":29,"column":null}},"14":{"start":{"line":29,"column":22},"end":{"line":29,"column":null}},"15":{"start":{"line":31,"column":4},"end":{"line":33,"column":null}},"16":{"start":{"line":32,"column":6},"end":{"line":32,"column":null}},"17":{"start":{"line":36,"column":2},"end":{"line":36,"column":null}},"18":{"start":{"line":46,"column":2},"end":{"line":63,"column":null}},"19":{"start":{"line":47,"column":22},"end":{"line":47,"column":null}},"20":{"start":{"line":49,"column":6},"end":{"line":54,"column":null}},"21":{"start":{"line":50,"column":8},"end":{"line":53,"column":null}},"22":{"start":{"line":55,"column":6},"end":{"line":55,"column":null}},"23":{"start":{"line":59,"column":6},"end":{"line":61,"column":null}},"24":{"start":{"line":60,"column":8},"end":{"line":60,"column":null}},"25":{"start":{"line":62,"column":6},"end":{"line":62,"column":null}},"26":{"start":{"line":73,"column":19},"end":{"line":73,"column":null}},"27":{"start":{"line":75,"column":2},"end":{"line":79,"column":null}},"28":{"start":{"line":75,"column":37},"end":{"line":75,"column":68}},"29":{"start":{"line":76,"column":15},"end":{"line":79,"column":null}},"30":{"start":{"line":87,"column":2},"end":{"line":87,"column":null}},"31":{"start":{"line":97,"column":2},"end":{"line":104,"column":null}},"32":{"start":{"line":98,"column":4},"end":{"line":103,"column":null}},"33":{"start":{"line":99,"column":20},"end":{"line":99,"column":null}},"34":{"start":{"line":100,"column":6},"end":{"line":102,"column":null}},"35":{"start":{"line":101,"column":8},"end":{"line":101,"column":null}},"36":{"start":{"line":105,"column":2},"end":{"line":105,"column":null}},"37":{"start":{"line":109,"column":2},"end":{"line":111,"column":null}},"38":{"start":{"line":110,"column":4},"end":{"line":110,"column":null}},"39":{"start":{"line":113,"column":2},"end":{"line":120,"column":null}},"40":{"start":{"line":114,"column":4},"end":{"line":119,"column":null}},"41":{"start":{"line":115,"column":20},"end":{"line":115,"column":null}},"42":{"start":{"line":116,"column":6},"end":{"line":118,"column":null}},"43":{"start":{"line":117,"column":8},"end":{"line":117,"column":null}},"44":{"start":{"line":122,"column":2},"end":{"line":122,"column":null}}},"fnMap":{"0":{"name":"hasPermission","decl":{"start":{"line":8,"column":9},"end":{"line":8,"column":null}},"loc":{"start":{"line":10,"column":27},"end":{"line":37,"column":null}}},"1":{"name":"(anonymous_5)","decl":{"start":{"line":18,"column":52},"end":{"line":18,"column":53}},"loc":{"start":{"line":19,"column":6},"end":{"line":19,"column":null}}},"2":{"name":"(anonymous_6)","decl":{"start":{"line":29,"column":6},"end":{"line":29,"column":7}},"loc":{"start":{"line":29,"column":22},"end":{"line":29,"column":null}}},"3":{"name":"filterMenuItems","decl":{"start":{"line":42,"column":9},"end":{"line":42,"column":null}},"loc":{"start":{"line":44,"column":27},"end":{"line":64,"column":null}}},"4":{"name":"(anonymous_8)","decl":{"start":{"line":47,"column":12},"end":{"line":47,"column":13}},"loc":{"start":{"line":47,"column":22},"end":{"line":47,"column":null}}},"5":{"name":"(anonymous_9)","decl":{"start":{"line":48,"column":9},"end":{"line":48,"column":10}},"loc":{"start":{"line":48,"column":10},"end":{"line":56,"column":null}}},"6":{"name":"(anonymous_10)","decl":{"start":{"line":57,"column":12},"end":{"line":57,"column":13}},"loc":{"start":{"line":57,"column":13},"end":{"line":63,"column":null}}},"7":{"name":"getFilteredMenus","decl":{"start":{"line":72,"column":16},"end":{"line":72,"column":32}},"loc":{"start":{"line":72,"column":16},"end":{"line":81,"column":null}}},"8":{"name":"(anonymous_12)","decl":{"start":{"line":75,"column":27},"end":{"line":75,"column":28}},"loc":{"start":{"line":75,"column":37},"end":{"line":75,"column":68}}},"9":{"name":"(anonymous_13)","decl":{"start":{"line":76,"column":4},"end":{"line":76,"column":5}},"loc":{"start":{"line":76,"column":15},"end":{"line":79,"column":null}}},"10":{"name":"getAllMenus","decl":{"start":{"line":86,"column":16},"end":{"line":86,"column":27}},"loc":{"start":{"line":86,"column":16},"end":{"line":88,"column":null}}},"11":{"name":"findMenuItemByPath","decl":{"start":{"line":93,"column":16},"end":{"line":93,"column":34}},"loc":{"start":{"line":95,"column":32},"end":{"line":106,"column":null}}},"12":{"name":"findItemRecursive","decl":{"start":{"line":108,"column":9},"end":{"line":108,"column":27}},"loc":{"start":{"line":108,"column":55},"end":{"line":123,"column":null}}}},"branchMap":{"0":{"loc":{"start":{"line":12,"column":2},"end":{"line":14,"column":null}},"type":"if","locations":[{"start":{"line":12,"column":2},"end":{"line":14,"column":null}},{"start":{},"end":{}}]},"1":{"loc":{"start":{"line":17,"column":2},"end":{"line":24,"column":null}},"type":"if","locations":[{"start":{"line":17,"column":2},"end":{"line":24,"column":null}},{"start":{},"end":{}}]},"2":{"loc":{"start":{"line":17,"column":6},"end":{"line":17,"column":59}},"type":"binary-expr","locations":[{"start":{"line":17,"column":6},"end":{"line":17,"column":24}},{"start":{"line":17,"column":28},"end":{"line":17,"column":59}}]},"3":{"loc":{"start":{"line":21,"column":4},"end":{"line":23,"column":null}},"type":"if","locations":[{"start":{"line":21,"column":4},"end":{"line":23,"column":null}},{"start":{},"end":{}}]},"4":{"loc":{"start":{"line":27,"column":2},"end":{"line":34,"column":null}},"type":"if","locations":[{"start":{"line":27,"column":2},"end":{"line":34,"column":null}},{"start":{},"end":{}}]},"5":{"loc":{"start":{"line":27,"column":6},"end":{"line":27,"column":71}},"type":"binary-expr","locations":[{"start":{"line":27,"column":6},"end":{"line":27,"column":30}},{"start":{"line":27,"column":34},"end":{"line":27,"column":71}}]},"6":{"loc":{"start":{"line":31,"column":4},"end":{"line":33,"column":null}},"type":"if","locations":[{"start":{"line":31,"column":4},"end":{"line":33,"column":null}},{"start":{},"end":{}}]},"7":{"loc":{"start":{"line":49,"column":6},"end":{"line":54,"column":null}},"type":"if","locations":[{"start":{"line":49,"column":6},"end":{"line":54,"column":null}},{"start":{},"end":{}}]},"8":{"loc":{"start":{"line":49,"column":10},"end":{"line":49,"column":53}},"type":"binary-expr","locations":[{"start":{"line":49,"column":10},"end":{"line":49,"column":23}},{"start":{"line":49,"column":27},"end":{"line":49,"column":53}}]},"9":{"loc":{"start":{"line":59,"column":6},"end":{"line":61,"column":null}},"type":"if","locations":[{"start":{"line":59,"column":6},"end":{"line":61,"column":null}},{"start":{},"end":{}}]},"10":{"loc":{"start":{"line":59,"column":10},"end":{"line":59,"column":53}},"type":"binary-expr","locations":[{"start":{"line":59,"column":10},"end":{"line":59,"column":23}},{"start":{"line":59,"column":27},"end":{"line":59,"column":53}}]},"11":{"loc":{"start":{"line":95,"column":2},"end":{"line":95,"column":32}},"type":"default-arg","locations":[{"start":{"line":95,"column":22},"end":{"line":95,"column":32}}]},"12":{"loc":{"start":{"line":100,"column":6},"end":{"line":102,"column":null}},"type":"if","locations":[{"start":{"line":100,"column":6},"end":{"line":102,"column":null}},{"start":{},"end":{}}]},"13":{"loc":{"start":{"line":109,"column":2},"end":{"line":111,"column":null}},"type":"if","locations":[{"start":{"line":109,"column":2},"end":{"line":111,"column":null}},{"start":{},"end":{}}]},"14":{"loc":{"start":{"line":113,"column":2},"end":{"line":120,"column":null}},"type":"if","locations":[{"start":{"line":113,"column":2},"end":{"line":120,"column":null}},{"start":{},"end":{}}]},"15":{"loc":{"start":{"line":116,"column":6},"end":{"line":118,"column":null}},"type":"if","locations":[{"start":{"line":116,"column":6},"end":{"line":118,"column":null}},{"start":{},"end":{}}]}},"s":{"0":2,"1":1,"2":3,"3":1,"4":1,"5":183,"6":8,"7":175,"8":12,"9":12,"10":12,"11":1,"12":174,"13":0,"14":0,"15":0,"16":0,"17":174,"18":47,"19":159,"20":159,"21":32,"22":127,"23":159,"24":32,"25":127,"26":3,"27":3,"28":24,"29":15,"30":1,"31":2,"32":9,"33":38,"34":38,"35":1,"36":1,"37":89,"38":1,"39":88,"40":18,"41":51,"42":51,"43":1,"44":87},"f":{"0":183,"1":12,"2":0,"3":47,"4":159,"5":159,"6":159,"7":3,"8":24,"9":15,"10":1,"11":2,"12":89},"b":{"0":[8,175],"1":[12,163],"2":[175,12],"3":[1,11],"4":[0,174],"5":[174,0],"6":[0,0],"7":[32,127],"8":[159,32],"9":[32,127],"10":[159,32],"11":[2],"12":[1,37],"13":[1,88],"14":[18,70],"15":[1,50]}}
,"/Users/wilson/Documents/5. Projects/7.1.Web_Warehousing/lib/validations/loginSchema.ts": {"path":"/Users/wilson/Documents/5. Projects/7.1.Web_Warehousing/lib/validations/loginSchema.ts","statementMap":{"0":{"start":{"line":53,"column":13},"end":{"line":53,"column":27}},"1":{"start":{"line":1,"column":18},"end":{"line":1,"column":null}},"2":{"start":{"line":4,"column":38},"end":{"line":47,"column":null}},"3":{"start":{"line":7,"column":2},"end":{"line":44,"column":null}},"4":{"start":{"line":9,"column":6},"end":{"line":13,"column":null}},"5":{"start":{"line":10,"column":8},"end":{"line":10,"column":null}},"6":{"start":{"line":12,"column":8},"end":{"line":12,"column":null}},"7":{"start":{"line":14,"column":6},"end":{"line":14,"column":null}},"8":{"start":{"line":16,"column":6},"end":{"line":22,"column":null}},"9":{"start":{"line":17,"column":8},"end":{"line":17,"column":null}},"10":{"start":{"line":18,"column":13},"end":{"line":22,"column":null}},"11":{"start":{"line":19,"column":8},"end":{"line":19,"column":null}},"12":{"start":{"line":21,"column":8},"end":{"line":21,"column":null}},"13":{"start":{"line":23,"column":6},"end":{"line":23,"column":null}},"14":{"start":{"line":25,"column":6},"end":{"line":31,"column":null}},"15":{"start":{"line":26,"column":8},"end":{"line":26,"column":null}},"16":{"start":{"line":27,"column":13},"end":{"line":31,"column":null}},"17":{"start":{"line":28,"column":8},"end":{"line":28,"column":null}},"18":{"start":{"line":30,"column":8},"end":{"line":30,"column":null}},"19":{"start":{"line":32,"column":6},"end":{"line":32,"column":null}},"20":{"start":{"line":34,"column":6},"end":{"line":40,"column":null}},"21":{"start":{"line":35,"column":8},"end":{"line":35,"column":null}},"22":{"start":{"line":36,"column":13},"end":{"line":40,"column":null}},"23":{"start":{"line":37,"column":8},"end":{"line":37,"column":null}},"24":{"start":{"line":39,"column":8},"end":{"line":39,"column":null}},"25":{"start":{"line":41,"column":6},"end":{"line":41,"column":null}},"26":{"start":{"line":43,"column":6},"end":{"line":43,"column":null}},"27":{"start":{"line":46,"column":2},"end":{"line":46,"column":null}},"28":{"start":{"line":50,"column":0},"end":{"line":50,"column":null}},"29":{"start":{"line":53,"column":27},"end":{"line":73,"column":null}},"30":{"start":{"line":61,"column":21},"end":{"line":61,"column":37}},"31":{"start":{"line":70,"column":21},"end":{"line":70,"column":44}}},"fnMap":{"0":{"name":"(anonymous_1)","decl":{"start":{"line":4,"column":38},"end":{"line":4,"column":39}},"loc":{"start":{"line":4,"column":46},"end":{"line":47,"column":null}}},"1":{"name":"(anonymous_2)","decl":{"start":{"line":61,"column":12},"end":{"line":61,"column":13}},"loc":{"start":{"line":61,"column":21},"end":{"line":61,"column":37}}},"2":{"name":"(anonymous_3)","decl":{"start":{"line":70,"column":12},"end":{"line":70,"column":13}},"loc":{"start":{"line":70,"column":21},"end":{"line":70,"column":44}}}},"branchMap":{"0":{"loc":{"start":{"line":7,"column":2},"end":{"line":44,"column":null}},"type":"switch","locations":[{"start":{"line":8,"column":4},"end":{"line":14,"column":null}},{"start":{"line":15,"column":4},"end":{"line":23,"column":null}},{"start":{"line":24,"column":4},"end":{"line":32,"column":null}},{"start":{"line":33,"column":4},"end":{"line":41,"column":null}},{"start":{"line":42,"column":4},"end":{"line":43,"column":null}}]},"1":{"loc":{"start":{"line":9,"column":6},"end":{"line":13,"column":null}},"type":"if","locations":[{"start":{"line":9,"column":6},"end":{"line":13,"column":null}},{"start":{"line":11,"column":13},"end":{"line":13,"column":null}}]},"2":{"loc":{"start":{"line":16,"column":6},"end":{"line":22,"column":null}},"type":"if","locations":[{"start":{"line":16,"column":6},"end":{"line":22,"column":null}},{"start":{"line":18,"column":13},"end":{"line":22,"column":null}}]},"3":{"loc":{"start":{"line":18,"column":13},"end":{"line":22,"column":null}},"type":"if","locations":[{"start":{"line":18,"column":13},"end":{"line":22,"column":null}},{"start":{"line":20,"column":13},"end":{"line":22,"column":null}}]},"4":{"loc":{"start":{"line":25,"column":6},"end":{"line":31,"column":null}},"type":"if","locations":[{"start":{"line":25,"column":6},"end":{"line":31,"column":null}},{"start":{"line":27,"column":13},"end":{"line":31,"column":null}}]},"5":{"loc":{"start":{"line":27,"column":13},"end":{"line":31,"column":null}},"type":"if","locations":[{"start":{"line":27,"column":13},"end":{"line":31,"column":null}},{"start":{"line":29,"column":13},"end":{"line":31,"column":null}}]},"6":{"loc":{"start":{"line":34,"column":6},"end":{"line":40,"column":null}},"type":"if","locations":[{"start":{"line":34,"column":6},"end":{"line":40,"column":null}},{"start":{"line":36,"column":13},"end":{"line":40,"column":null}}]},"7":{"loc":{"start":{"line":36,"column":13},"end":{"line":40,"column":null}},"type":"if","locations":[{"start":{"line":36,"column":13},"end":{"line":40,"column":null}},{"start":{"line":38,"column":13},"end":{"line":40,"column":null}}]}},"s":{"0":186,"1":3,"2":3,"3":0,"4":0,"5":0,"6":0,"7":0,"8":0,"9":0,"10":0,"11":0,"12":0,"13":0,"14":0,"15":0,"16":0,"17":0,"18":0,"19":0,"20":0,"21":0,"22":0,"23":0,"24":0,"25":0,"26":0,"27":0,"28":3,"29":3,"30":25,"31":25},"f":{"0":0,"1":25,"2":25},"b":{"0":[0,0,0,0,0],"1":[0,0],"2":[0,0],"3":[0,0],"4":[0,0],"5":[0,0],"6":[0,0],"7":[0,0]}}
}
