TN:
SF:components/LoginForm.tsx
FN:15,LoginForm
FN:46,(anonymous_2)
FN:50,(anonymous_3)
FN:123,(anonymous_4)
FN:128,(anonymous_5)
FNF:5
FNH:5
FNDA:181,LoginForm
FNDA:2,(anonymous_2)
FNDA:4,(anonymous_3)
FNDA:1,(anonymous_4)
FNDA:148,(anonymous_5)
DA:3,2
DA:4,2
DA:5,2
DA:6,2
DA:7,2
DA:8,2
DA:13,2
DA:15,11
DA:16,181
DA:17,181
DA:18,181
DA:19,181
DA:20,181
DA:29,181
DA:39,181
DA:40,181
DA:43,181
DA:44,181
DA:46,181
DA:47,2
DA:50,181
DA:52,4
DA:53,4
DA:54,4
DA:59,4
DA:61,4
DA:64,1
DA:66,1
DA:69,1
DA:71,0
DA:72,0
DA:79,1
DA:80,1
DA:81,0
DA:82,0
DA:84,1
DA:89,2
DA:91,2
DA:92,1
DA:93,1
DA:97,1
DA:98,1
DA:103,1
DA:105,1
DA:108,1
DA:109,1
DA:111,1
DA:114,0
DA:118,0
DA:123,181
DA:124,1
DA:128,181
DA:131,148
LF:53
LH:47
BRDA:43,0,0,181
BRDA:43,0,1,133
BRDA:44,1,0,181
BRDA:44,1,1,176
BRDA:44,1,2,71
BRDA:64,2,0,1
BRDA:64,2,1,0
BRDA:69,3,0,0
BRDA:69,3,1,1
BRDA:80,4,0,0
BRDA:80,4,1,1
BRDA:89,5,0,2
BRDA:89,5,1,0
BRDA:91,6,0,1
BRDA:91,6,1,1
BRDA:103,7,0,1
BRDA:103,7,1,0
BRDA:108,8,0,1
BRDA:108,8,1,0
BRDA:131,9,0,0
BRDA:131,9,1,148
BRDA:131,10,0,148
BRDA:131,10,1,0
BRDA:166,11,0,1
BRDA:166,11,1,180
BRDA:174,12,0,181
BRDA:192,13,0,1
BRDA:192,13,1,180
BRDA:204,14,0,1
BRDA:204,14,1,180
BRDA:227,15,0,1
BRDA:227,15,1,180
BRDA:228,16,0,1
BRDA:228,16,1,180
BRDA:232,17,0,1
BRDA:269,18,0,181
BRDA:277,19,0,181
BRDA:282,20,0,1
BRDA:282,20,1,1
BRDA:292,21,0,1
BRDA:292,21,1,1
BRDA:300,22,0,2
BRDA:300,22,1,1
BRDA:300,22,2,1
BRDA:328,23,0,5
BRDA:328,23,1,176
BRF:46
BRH:38
end_of_record
TN:
SF:components/ThemeToggle.tsx
FN:6,ThemeToggle
FN:12,(anonymous_2)
FN:17,(anonymous_3)
FN:18,(anonymous_4)
FN:28,(anonymous_5)
FN:38,(anonymous_6)
FN:92,(anonymous_7)
FN:99,(anonymous_8)
FN:108,(anonymous_9)
FN:158,(anonymous_10)
FN:199,(anonymous_11)
FN:240,(anonymous_12)
FNF:12
FNH:1
FNDA:9,ThemeToggle
FNDA:0,(anonymous_2)
FNDA:0,(anonymous_3)
FNDA:0,(anonymous_4)
FNDA:0,(anonymous_5)
FNDA:0,(anonymous_6)
FNDA:0,(anonymous_7)
FNDA:0,(anonymous_8)
FNDA:0,(anonymous_9)
FNDA:0,(anonymous_10)
FNDA:0,(anonymous_11)
FNDA:0,(anonymous_12)
DA:3,1
DA:4,1
DA:6,2
DA:7,9
DA:8,8
DA:9,8
DA:10,0
DA:12,0
DA:13,0
DA:17,0
DA:18,0
DA:19,0
DA:20,0
DA:24,0
DA:25,0
DA:28,0
DA:29,0
DA:34,0
DA:35,0
DA:38,0
DA:39,0
DA:57,0
DA:92,0
DA:93,0
DA:94,0
DA:96,0
DA:99,0
DA:100,0
DA:101,0
DA:108,0
DA:158,0
DA:199,0
DA:240,0
LF:33
LH:6
BRDA:19,0,0,0
BRDA:19,0,1,0
BRDA:19,1,0,0
BRDA:19,1,1,0
BRDA:24,2,0,0
BRDA:24,2,1,0
BRDA:34,3,0,0
BRDA:34,3,1,0
BRDA:39,4,0,0
BRDA:39,4,1,0
BRDA:57,5,0,0
BRDA:57,5,1,0
BRDA:93,6,0,0
BRDA:93,6,1,0
BRDA:96,7,0,0
BRDA:96,7,1,0
BRDA:132,8,0,0
BRDA:132,8,1,0
BRDA:147,9,0,0
BRDA:167,10,0,0
BRDA:167,10,1,0
BRDA:187,11,0,0
BRDA:208,12,0,0
BRDA:208,12,1,0
BRDA:228,13,0,0
BRDA:249,14,0,0
BRDA:249,14,1,0
BRDA:269,15,0,0
BRF:28
BRH:0
end_of_record
TN:
SF:components/auth/AuthGuard.tsx
FN:21,AuthGuard
FN:31,(anonymous_2)
FN:32,(anonymous_3)
FNF:3
FNH:0
FNDA:0,AuthGuard
FNDA:0,(anonymous_2)
FNDA:0,(anonymous_3)
DA:3,0
DA:4,0
DA:5,0
DA:21,0
DA:26,0
DA:27,0
DA:28,0
DA:29,0
DA:31,0
DA:32,0
DA:33,0
DA:34,0
DA:36,0
DA:38,0
DA:41,0
DA:42,0
DA:43,0
DA:45,0
DA:46,0
DA:50,0
DA:52,0
DA:53,0
DA:57,0
DA:58,0
DA:61,0
DA:65,0
DA:74,0
DA:79,0
LF:28
LH:0
BRDA:23,0,0,0
BRDA:24,1,0,0
BRDA:36,2,0,0
BRDA:36,2,1,0
BRDA:38,3,0,0
BRDA:38,3,1,0
BRDA:38,4,0,0
BRDA:38,4,1,0
BRDA:41,5,0,0
BRDA:41,5,1,0
BRDA:42,6,0,0
BRDA:42,6,1,0
BRDA:50,7,0,0
BRDA:50,7,1,0
BRDA:50,8,0,0
BRDA:50,8,1,0
BRDA:65,9,0,0
BRDA:65,9,1,0
BRDA:74,10,0,0
BRDA:74,10,1,0
BRDA:74,11,0,0
BRDA:74,11,1,0
BRF:22
BRH:0
end_of_record
TN:
SF:components/auth/AutoLogoutModal.tsx
FN:16,AutoLogoutModal
FN:26,(anonymous_2)
FN:29,(anonymous_3)
FN:30,(anonymous_4)
FN:39,(anonymous_5)
FN:42,(anonymous_6)
FN:56,(anonymous_7)
FNF:7
FNH:0
FNDA:0,AutoLogoutModal
FNDA:0,(anonymous_2)
FNDA:0,(anonymous_3)
FNDA:0,(anonymous_4)
FNDA:0,(anonymous_5)
FNDA:0,(anonymous_6)
FNDA:0,(anonymous_7)
DA:3,0
DA:4,0
DA:5,0
DA:6,0
DA:16,0
DA:23,0
DA:24,0
DA:26,0
DA:27,0
DA:29,0
DA:30,0
DA:31,0
DA:32,0
DA:33,0
DA:35,0
DA:39,0
DA:42,0
DA:43,0
DA:45,0
DA:46,0
DA:48,0
DA:50,0
DA:51,0
DA:52,0
DA:56,0
DA:58,0
DA:59,0
DA:62,0
LF:28
LH:0
BRDA:21,0,0,0
BRDA:27,1,0,0
BRDA:27,1,1,0
BRDA:31,2,0,0
BRDA:31,2,1,0
BRDA:62,3,0,0
BRDA:62,3,1,0
BRDA:75,4,0,0
BRF:8
BRH:0
end_of_record
TN:
SF:components/auth/IdleSessionManager.tsx
FN:15,IdleSessionManager
FN:26,(anonymous_3)
FN:32,(anonymous_4)
FN:37,(anonymous_5)
FN:42,(anonymous_6)
FN:47,(anonymous_7)
FNF:6
FNH:0
FNDA:0,IdleSessionManager
FNDA:0,(anonymous_3)
FNDA:0,(anonymous_4)
FNDA:0,(anonymous_5)
FNDA:0,(anonymous_6)
FNDA:0,(anonymous_7)
DA:3,0
DA:4,0
DA:5,0
DA:6,0
DA:7,0
DA:15,0
DA:20,0
DA:21,0
DA:22,0
DA:23,0
DA:26,0
DA:27,0
DA:28,0
DA:29,0
DA:32,0
DA:34,0
DA:37,0
DA:38,0
DA:39,0
DA:42,0
DA:43,0
DA:47,0
DA:48,0
DA:51,0
DA:59,0
LF:25
LH:0
BRDA:16,0,0,0
BRDA:17,1,0,0
BRDA:18,2,0,0
BRDA:29,3,0,0
BRDA:29,3,1,0
BRDA:59,4,0,0
BRDA:59,4,1,0
BRF:7
BRH:0
end_of_record
TN:
SF:components/auth/TwoFactorAuth.tsx
FN:14,TwoFactorAuth
FN:27,(anonymous_2)
FN:28,(anonymous_3)
FN:52,(anonymous_4)
FN:54,(anonymous_5)
FN:55,(anonymous_6)
FN:59,(anonymous_7)
FN:61,(anonymous_8)
FN:62,(anonymous_9)
FN:66,(anonymous_10)
FN:89,(anonymous_11)
FN:103,(anonymous_12)
FN:109,(anonymous_13)
FN:114,(anonymous_14)
FN:125,(anonymous_15)
FN:162,(anonymous_16)
FN:187,(anonymous_17)
FN:201,(anonymous_18)
FN:222,(anonymous_19)
FN:225,(anonymous_20)
FN:232,(anonymous_21)
FN:233,(anonymous_22)
FN:276,(anonymous_23)
FN:320,(anonymous_24)
FNF:24
FNH:0
FNDA:0,TwoFactorAuth
FNDA:0,(anonymous_2)
FNDA:0,(anonymous_3)
FNDA:0,(anonymous_4)
FNDA:0,(anonymous_5)
FNDA:0,(anonymous_6)
FNDA:0,(anonymous_7)
FNDA:0,(anonymous_8)
FNDA:0,(anonymous_9)
FNDA:0,(anonymous_10)
FNDA:0,(anonymous_11)
FNDA:0,(anonymous_12)
FNDA:0,(anonymous_13)
FNDA:0,(anonymous_14)
FNDA:0,(anonymous_15)
FNDA:0,(anonymous_16)
FNDA:0,(anonymous_17)
FNDA:0,(anonymous_18)
FNDA:0,(anonymous_19)
FNDA:0,(anonymous_20)
FNDA:0,(anonymous_21)
FNDA:0,(anonymous_22)
FNDA:0,(anonymous_23)
FNDA:0,(anonymous_24)
DA:3,0
DA:4,0
DA:5,0
DA:10,0
DA:14,0
DA:15,0
DA:16,0
DA:17,0
DA:18,0
DA:19,0
DA:20,0
DA:21,0
DA:22,0
DA:23,0
DA:24,0
DA:27,0
DA:28,0
DA:29,0
DA:30,0
DA:31,0
DA:32,0
DA:33,0
DA:35,0
DA:36,0
DA:37,0
DA:39,0
DA:40,0
DA:42,0
DA:45,0
DA:48,0
DA:52,0
DA:53,0
DA:54,0
DA:55,0
DA:59,0
DA:60,0
DA:61,0
DA:62,0
DA:66,0
DA:67,0
DA:68,0
DA:69,0
DA:70,0
DA:71,0
DA:73,0
DA:74,0
DA:75,0
DA:77,0
DA:79,0
DA:80,0
DA:82,0
DA:85,0
DA:89,0
DA:91,0
DA:93,0
DA:94,0
DA:95,0
DA:98,0
DA:99,0
DA:103,0
DA:105,0
DA:106,0
DA:109,0
DA:110,0
DA:114,0
DA:115,0
DA:116,0
DA:117,0
DA:118,0
DA:119,0
DA:121,0
DA:125,0
DA:126,0
DA:127,0
DA:128,0
DA:129,0
DA:132,0
DA:133,0
DA:135,0
DA:136,0
DA:138,0
DA:140,0
DA:142,0
DA:145,0
DA:146,0
DA:151,0
DA:153,0
DA:155,0
DA:158,0
DA:162,0
DA:163,0
DA:164,0
DA:165,0
DA:187,0
DA:201,0
DA:223,0
DA:226,0
DA:232,0
DA:233,0
DA:276,0
DA:320,0
LF:101
LH:0
BRDA:39,0,0,0
BRDA:39,0,1,0
BRDA:40,1,0,0
BRDA:40,1,1,0
BRDA:53,2,0,0
BRDA:53,2,1,0
BRDA:60,3,0,0
BRDA:60,3,1,0
BRDA:79,4,0,0
BRDA:79,4,1,0
BRDA:80,5,0,0
BRDA:80,5,1,0
BRDA:91,6,0,0
BRDA:91,6,1,0
BRDA:91,7,0,0
BRDA:91,7,1,0
BRDA:98,8,0,0
BRDA:98,8,1,0
BRDA:98,9,0,0
BRDA:98,9,1,0
BRDA:105,10,0,0
BRDA:105,10,1,0
BRDA:105,11,0,0
BRDA:105,11,1,0
BRDA:105,11,2,0
BRDA:109,12,0,0
BRDA:109,12,1,0
BRDA:109,13,0,0
BRDA:109,13,1,0
BRDA:117,14,0,0
BRDA:117,14,1,0
BRDA:127,15,0,0
BRDA:127,15,1,0
BRDA:138,16,0,0
BRDA:138,16,1,0
BRDA:145,17,0,0
BRDA:145,17,1,0
BRDA:146,18,0,0
BRDA:146,18,1,0
BRDA:151,19,0,0
BRDA:151,19,1,0
BRDA:191,20,0,0
BRDA:191,20,1,0
BRDA:205,21,0,0
BRDA:205,21,1,0
BRDA:242,22,0,0
BRDA:242,22,1,0
BRDA:250,23,0,0
BRDA:258,24,0,0
BRDA:263,25,0,0
BRDA:263,25,1,0
BRDA:276,26,0,0
BRDA:276,26,1,0
BRDA:290,27,0,0
BRDA:290,27,1,0
BRDA:296,28,0,0
BRDA:296,28,1,0
BRDA:311,29,0,0
BRDA:311,29,1,0
BRDA:313,30,0,0
BRDA:313,30,1,0
BRF:61
BRH:0
end_of_record
TN:
SF:components/dashboard/ChartWidget.tsx
FN:17,ChartWidget
FN:26,(anonymous_2)
FNF:2
FNH:0
FNDA:0,ChartWidget
FNDA:0,(anonymous_2)
DA:17,0
DA:18,0
DA:27,0
DA:28,0
DA:30,0
LF:5
LH:0
BRF:0
BRH:0
end_of_record
TN:
SF:components/dashboard/NotificationsWidget.tsx
FN:18,NotificationsWidget
FN:23,(anonymous_2)
FN:46,(anonymous_3)
FN:67,(anonymous_4)
FNF:4
FNH:0
FNDA:0,NotificationsWidget
FNDA:0,(anonymous_2)
FNDA:0,(anonymous_3)
FNDA:0,(anonymous_4)
DA:3,0
DA:18,0
DA:21,0
DA:23,0
DA:24,0
DA:46,0
DA:47,0
DA:48,0
DA:49,0
DA:50,0
DA:51,0
DA:53,0
DA:54,0
DA:55,0
DA:68,0
LF:15
LH:0
BRDA:53,0,0,0
BRDA:53,0,1,0
BRDA:54,1,0,0
BRDA:54,1,1,0
BRDA:64,2,0,0
BRDA:64,2,1,0
BRDA:71,3,0,0
BRDA:71,3,1,0
BRDA:83,4,0,0
BRF:9
BRH:0
end_of_record
TN:
SF:components/dashboard/TaskOverviewWidget.tsx
FN:17,TaskOverviewWidget
FNF:1
FNH:0
FNDA:0,TaskOverviewWidget
DA:17,0
LF:1
LH:0
BRF:0
BRH:0
end_of_record
TN:
SF:components/dashboard/Top10ListWidget.tsx
FN:17,Top10ListWidget
FN:27,(anonymous_2)
FNF:2
FNH:0
FNDA:0,Top10ListWidget
FNDA:0,(anonymous_2)
DA:17,0
DA:28,0
LF:2
LH:0
BRF:0
BRH:0
end_of_record
TN:
SF:components/dashboard/VehicleStatusWidget.tsx
FN:15,VehicleStatusWidget
FN:18,(anonymous_2)
FN:29,(anonymous_3)
FN:46,(anonymous_4)
FNF:4
FNH:0
FNDA:0,VehicleStatusWidget
FNDA:0,(anonymous_2)
FNDA:0,(anonymous_3)
FNDA:0,(anonymous_4)
DA:15,0
DA:18,0
DA:19,0
DA:21,0
DA:23,0
DA:25,0
DA:29,0
DA:30,0
DA:32,0
DA:34,0
DA:36,0
DA:47,0
LF:12
LH:0
BRDA:19,0,0,0
BRDA:19,0,1,0
BRDA:19,0,2,0
BRDA:30,1,0,0
BRDA:30,1,1,0
BRDA:30,1,2,0
BRF:6
BRH:0
end_of_record
TN:
SF:components/dashboard/WarehouseInfoWidget.tsx
FN:17,WarehouseInfoWidget
FN:26,(anonymous_2)
FNF:2
FNH:0
FNDA:0,WarehouseInfoWidget
FNDA:0,(anonymous_2)
DA:17,0
DA:27,0
LF:2
LH:0
BRDA:37,0,0,0
BRDA:37,0,1,0
BRF:2
BRH:0
end_of_record
TN:
SF:components/dashboard/WarehouseInventoryWidget.tsx
FN:17,WarehouseInventoryWidget
FNF:1
FNH:0
FNDA:0,WarehouseInventoryWidget
DA:17,0
LF:1
LH:0
BRDA:56,0,0,0
BRDA:56,0,1,0
BRF:2
BRH:0
end_of_record
TN:
SF:components/data/DataTable.tsx
FN:45,DataTable
FN:63,(anonymous_2)
FN:70,(anonymous_3)
FN:78,(anonymous_4)
FN:79,(anonymous_5)
FN:87,(anonymous_6)
FN:92,(anonymous_7)
FN:106,(anonymous_8)
FN:115,(anonymous_9)
FN:116,(anonymous_10)
FN:136,(anonymous_11)
FN:142,(anonymous_12)
FN:148,(anonymous_13)
FN:180,(anonymous_14)
FN:186,(anonymous_15)
FN:204,(anonymous_16)
FN:212,(anonymous_17)
FN:235,(anonymous_18)
FN:249,(anonymous_19)
FN:251,(anonymous_20)
FN:281,(anonymous_21)
FN:284,(anonymous_22)
FN:293,(anonymous_23)
FN:293,(anonymous_24)
FN:301,(anonymous_25)
FN:316,(anonymous_26)
FN:329,(anonymous_27)
FN:329,(anonymous_28)
FNF:28
FNH:19
FNDA:10,DataTable
FNDA:9,(anonymous_2)
FNDA:0,(anonymous_3)
FNDA:3,(anonymous_4)
FNDA:8,(anonymous_5)
FNDA:10,(anonymous_6)
FNDA:2,(anonymous_7)
FNDA:10,(anonymous_8)
FNDA:1,(anonymous_9)
FNDA:2,(anonymous_10)
FNDA:1,(anonymous_11)
FNDA:0,(anonymous_12)
FNDA:30,(anonymous_13)
FNDA:1,(anonymous_14)
FNDA:0,(anonymous_15)
FNDA:30,(anonymous_16)
FNDA:1,(anonymous_17)
FNDA:39,(anonymous_18)
FNDA:1,(anonymous_19)
FNDA:117,(anonymous_20)
FNDA:0,(anonymous_21)
FNDA:50,(anonymous_22)
FNDA:0,(anonymous_23)
FNDA:0,(anonymous_24)
FNDA:9,(anonymous_25)
FNDA:0,(anonymous_26)
FNDA:0,(anonymous_27)
FNDA:0,(anonymous_28)
DA:3,1
DA:8,1
DA:45,8
DA:57,10
DA:58,10
DA:59,10
DA:60,10
DA:63,10
DA:64,9
DA:65,8
DA:68,1
DA:70,0
DA:72,0
DA:77,1
DA:78,1
DA:79,3
DA:80,8
DA:81,8
DA:87,10
DA:88,10
DA:89,9
DA:92,1
DA:93,2
DA:94,2
DA:96,2
DA:98,2
DA:99,2
DA:102,1
DA:106,10
DA:107,10
DA:108,10
DA:109,10
DA:112,10
DA:115,10
DA:116,2
DA:117,1
DA:119,1
DA:121,0
DA:122,0
DA:123,0
DA:124,0
DA:125,0
DA:127,0
DA:130,1
DA:131,1
DA:136,10
DA:137,1
DA:138,1
DA:142,10
DA:143,0
DA:144,0
DA:148,10
DA:149,30
DA:157,1
DA:180,1
DA:186,0
DA:205,30
DA:212,1
DA:236,39
DA:237,39
DA:238,39
DA:240,39
DA:249,1
DA:252,117
DA:253,117
DA:281,0
DA:285,50
DA:293,0
DA:303,9
DA:304,9
DA:305,0
DA:306,0
DA:307,0
DA:308,0
DA:310,0
DA:313,9
DA:316,0
DA:329,0
LF:78
LH:58
BRDA:48,0,0,9
BRDA:51,1,0,10
BRDA:52,2,0,8
BRDA:53,3,0,10
BRDA:55,4,0,9
BRDA:64,5,0,8
BRDA:64,5,1,1
BRDA:68,6,0,0
BRDA:68,6,1,1
BRDA:88,7,0,9
BRDA:88,7,1,1
BRDA:88,8,0,10
BRDA:88,8,1,1
BRDA:96,9,0,0
BRDA:96,9,1,2
BRDA:98,10,0,0
BRDA:98,10,1,2
BRDA:99,11,0,2
BRDA:99,11,1,0
BRDA:117,12,0,0
BRDA:117,12,1,1
BRDA:119,13,0,0
BRDA:119,13,1,1
BRDA:121,14,0,0
BRDA:121,14,1,0
BRDA:123,15,0,0
BRDA:123,15,1,0
BRDA:149,16,0,29
BRDA:149,16,1,1
BRDA:157,17,0,1
BRDA:157,17,1,0
BRDA:175,18,0,10
BRDA:184,19,0,10
BRDA:209,20,0,30
BRDA:209,20,1,0
BRDA:211,21,0,0
BRDA:211,21,1,30
BRDA:212,22,0,1
BRDA:212,22,1,1
BRDA:216,23,0,30
BRDA:216,23,1,30
BRDA:225,24,0,2
BRDA:225,24,1,8
BRDA:245,25,0,23
BRDA:245,25,1,16
BRDA:246,26,0,0
BRDA:246,26,1,39
BRDA:247,27,0,3
BRDA:247,27,1,36
BRDA:255,28,0,0
BRDA:255,28,1,117
BRDA:257,29,0,117
BRDA:257,29,1,0
BRDA:303,30,0,9
BRDA:303,30,1,0
BRDA:305,31,0,0
BRDA:305,31,1,0
BRDA:307,32,0,0
BRDA:307,32,1,0
BRDA:319,33,0,8
BRDA:319,33,1,1
BRF:61
BRH:40
end_of_record
TN:
SF:components/layouts/ABLayout.tsx
FN:18,ABLayout
FNF:1
FNH:1
FNDA:4,ABLayout
DA:18,4
LF:1
LH:1
BRDA:22,0,0,4
BRF:1
BRH:1
end_of_record
TN:
SF:components/layouts/ResizableLayout.tsx
FN:21,ResizableLayout
FN:35,(anonymous_2)
FN:45,(anonymous_3)
FN:59,(anonymous_4)
FN:66,(anonymous_5)
FN:67,(anonymous_6)
FNF:6
FNH:3
FNDA:4,ResizableLayout
FNDA:0,(anonymous_2)
FNDA:0,(anonymous_3)
FNDA:0,(anonymous_4)
FNDA:4,(anonymous_5)
FNDA:4,(anonymous_6)
DA:3,1
DA:21,4
DA:28,4
DA:29,4
DA:30,4
DA:31,4
DA:32,4
DA:35,4
DA:36,0
DA:37,0
DA:38,0
DA:39,0
DA:40,0
DA:41,0
DA:45,4
DA:46,0
DA:48,0
DA:49,0
DA:50,0
DA:51,0
DA:54,0
DA:55,0
DA:59,4
DA:60,0
DA:61,0
DA:62,0
DA:66,4
DA:67,4
DA:68,4
DA:69,4
LF:30
LH:14
BRDA:24,0,0,3
BRDA:25,1,0,4
BRDA:26,2,0,4
BRDA:46,3,0,0
BRDA:46,3,1,0
BRDA:46,4,0,0
BRDA:46,4,1,0
BRF:7
BRH:3
end_of_record
TN:
SF:components/navigation/Breadcrumbs.tsx
FN:22,Breadcrumbs
FN:30,(anonymous_3)
FNF:2
FNH:2
FNDA:4,Breadcrumbs
FNDA:7,(anonymous_3)
DA:3,1
DA:22,4
DA:23,4
DA:24,1
DA:31,7
DA:33,7
LF:6
LH:6
BRDA:23,0,0,1
BRDA:23,0,1,3
BRDA:35,1,0,7
BRDA:51,2,0,3
BRDA:58,3,0,4
BRF:5
BRH:5
end_of_record
TN:
SF:components/navigation/LanguageSelector.tsx
FN:13,LanguageSelector
FN:19,(anonymous_2)
FN:20,(anonymous_3)
FN:33,(anonymous_4)
FN:43,(anonymous_5)
FN:52,(anonymous_6)
FN:69,(anonymous_7)
FN:98,(anonymous_8)
FN:101,(anonymous_9)
FNF:9
FNH:0
FNDA:0,LanguageSelector
FNDA:0,(anonymous_2)
FNDA:0,(anonymous_3)
FNDA:0,(anonymous_4)
FNDA:0,(anonymous_5)
FNDA:0,(anonymous_6)
FNDA:0,(anonymous_7)
FNDA:0,(anonymous_8)
FNDA:0,(anonymous_9)
DA:3,0
DA:13,0
DA:14,0
DA:15,0
DA:16,0
DA:19,0
DA:20,0
DA:21,0
DA:25,0
DA:29,0
DA:30,0
DA:33,0
DA:34,0
DA:38,0
DA:43,0
DA:44,0
DA:45,0
DA:52,0
DA:69,0
DA:99,0
DA:101,0
LF:21
LH:0
BRDA:21,0,0,0
BRDA:21,0,1,0
BRDA:22,1,0,0
BRDA:22,1,1,0
BRDA:29,2,0,0
BRDA:29,2,1,0
BRDA:72,3,0,0
BRDA:72,3,1,0
BRDA:87,4,0,0
BRDA:110,5,0,0
BRDA:110,5,1,0
BRDA:117,6,0,0
BRF:12
BRH:0
end_of_record
TN:
SF:components/navigation/MainMenu.tsx
FN:16,MainMenu
FN:24,(anonymous_3)
FN:30,(anonymous_4)
FN:31,(anonymous_5)
FN:42,(anonymous_6)
FN:47,(anonymous_7)
FN:57,(anonymous_8)
FN:65,(anonymous_9)
FN:74,(anonymous_10)
FN:109,(anonymous_11)
FN:148,(anonymous_12)
FN:153,(anonymous_13)
FN:205,(anonymous_14)
FNF:13
FNH:0
FNDA:0,MainMenu
FNDA:0,(anonymous_3)
FNDA:0,(anonymous_4)
FNDA:0,(anonymous_5)
FNDA:0,(anonymous_6)
FNDA:0,(anonymous_7)
FNDA:0,(anonymous_8)
FNDA:0,(anonymous_9)
FNDA:0,(anonymous_10)
FNDA:0,(anonymous_11)
FNDA:0,(anonymous_12)
FNDA:0,(anonymous_13)
FNDA:0,(anonymous_14)
DA:3,0
DA:4,0
DA:5,0
DA:6,0
DA:16,0
DA:17,0
DA:18,0
DA:19,0
DA:20,0
DA:21,0
DA:24,0
DA:25,0
DA:26,0
DA:30,0
DA:31,0
DA:32,0
DA:33,0
DA:34,0
DA:38,0
DA:39,0
DA:42,0
DA:43,0
DA:47,0
DA:48,0
DA:49,0
DA:50,0
DA:52,0
DA:53,0
DA:57,0
DA:58,0
DA:59,0
DA:61,0
DA:65,0
DA:66,0
DA:67,0
DA:68,0
DA:70,0
DA:71,0
DA:74,0
DA:109,0
DA:116,0
DA:117,0
DA:139,0
DA:142,0
DA:143,0
DA:149,0
DA:150,0
DA:153,0
DA:205,0
LF:49
LH:0
BRDA:32,0,0,0
BRDA:32,0,1,0
BRDA:32,1,0,0
BRDA:32,1,1,0
BRDA:38,2,0,0
BRDA:38,2,1,0
BRDA:48,3,0,0
BRDA:48,3,1,0
BRDA:58,4,0,0
BRDA:58,4,1,0
BRDA:65,5,0,0
BRDA:66,6,0,0
BRDA:66,6,1,0
BRDA:70,7,0,0
BRDA:70,7,1,0
BRDA:84,8,0,0
BRDA:84,8,1,0
BRDA:93,9,0,0
BRDA:93,9,1,0
BRDA:107,10,0,0
BRDA:116,11,0,0
BRDA:116,11,1,0
BRDA:128,12,0,0
BRDA:128,12,1,0
BRDA:142,13,0,0
BRDA:142,13,1,0
BRDA:161,14,0,0
BRDA:161,14,1,0
BRDA:172,15,0,0
BRDA:172,15,1,0
BRDA:188,16,0,0
BRF:31
BRH:0
end_of_record
TN:
SF:components/navigation/TopNavigation.tsx
FN:17,TopNavigation
FNF:1
FNH:0
FNDA:0,TopNavigation
DA:3,0
DA:4,0
DA:5,0
DA:6,0
DA:7,0
DA:17,0
LF:6
LH:0
BRF:0
BRH:0
end_of_record
TN:
SF:components/navigation/UserMenu.tsx
FN:15,UserMenu
FN:24,(anonymous_2)
FN:25,(anonymous_3)
FN:43,(anonymous_4)
FN:44,(anonymous_5)
FN:57,(anonymous_6)
FN:62,(anonymous_7)
FN:73,(anonymous_8)
FN:86,(anonymous_9)
FNF:9
FNH:0
FNDA:0,UserMenu
FNDA:0,(anonymous_2)
FNDA:0,(anonymous_3)
FNDA:0,(anonymous_4)
FNDA:0,(anonymous_5)
FNDA:0,(anonymous_6)
FNDA:0,(anonymous_7)
FNDA:0,(anonymous_8)
FNDA:0,(anonymous_9)
DA:3,0
DA:4,0
DA:5,0
DA:15,0
DA:16,0
DA:17,0
DA:18,0
DA:19,0
DA:20,0
DA:21,0
DA:24,0
DA:25,0
DA:26,0
DA:27,0
DA:28,0
DA:30,0
DA:31,0
DA:32,0
DA:35,0
DA:39,0
DA:43,0
DA:44,0
DA:45,0
DA:49,0
DA:53,0
DA:54,0
DA:57,0
DA:58,0
DA:62,0
DA:63,0
DA:64,0
DA:65,0
DA:67,0
DA:69,0
DA:73,0
DA:75,0
DA:76,0
DA:79,0
DA:80,0
DA:86,0
LF:40
LH:0
BRDA:27,0,0,0
BRDA:27,0,1,0
BRDA:31,1,0,0
BRDA:31,1,1,0
BRDA:45,2,0,0
BRDA:45,2,1,0
BRDA:46,3,0,0
BRDA:46,3,1,0
BRDA:53,4,0,0
BRDA:53,4,1,0
BRDA:79,5,0,0
BRDA:79,5,1,0
BRDA:119,6,0,0
BRDA:119,6,1,0
BRDA:134,7,0,0
BRDA:150,8,0,0
BRDA:167,9,0,0
BRF:17
BRH:0
end_of_record
TN:
SF:components/status/StatusBar.tsx
FN:20,StatusBar
FN:27,(anonymous_2)
FNF:2
FNH:2
FNDA:4,StatusBar
FNDA:5,(anonymous_2)
DA:20,4
DA:27,4
DA:28,5
DA:29,5
DA:30,5
DA:31,5
DA:32,5
DA:33,5
DA:34,5
DA:35,5
DA:36,5
DA:37,5
DA:39,0
LF:13
LH:12
BRDA:25,0,0,4
BRDA:28,1,0,0
BRDA:28,1,1,5
BRDA:57,2,0,3
BRDA:56,3,0,4
BRDA:56,3,1,3
BRDA:69,4,0,2
BRDA:68,5,0,4
BRDA:68,5,1,2
BRF:9
BRH:8
end_of_record
TN:
SF:components/toolbar/Toolbar.tsx
FN:28,Toolbar
FN:29,(anonymous_4)
FN:45,(anonymous_5)
FNF:3
FNH:3
FNDA:4,Toolbar
FNDA:7,(anonymous_4)
FNDA:7,(anonymous_5)
DA:28,4
DA:29,4
DA:31,7
DA:33,7
DA:35,1
DA:37,1
DA:39,5
DA:46,7
DA:72,1
LF:9
LH:9
BRDA:28,0,0,4
BRDA:29,1,0,4
BRDA:33,2,0,1
BRDA:33,2,1,1
BRDA:33,2,2,5
BRDA:51,3,0,0
BRDA:51,3,1,7
BRDA:53,4,0,7
BRF:8
BRH:7
end_of_record
TN:
SF:contexts/ThemeContext.tsx
FN:15,ThemeProvider
FN:21,(anonymous_4)
FN:32,(anonymous_5)
FN:39,(anonymous_6)
FN:43,(anonymous_7)
FN:66,(anonymous_8)
FN:83,useTheme
FNF:7
FNH:2
FNDA:4,ThemeProvider
FNDA:0,(anonymous_4)
FNDA:0,(anonymous_5)
FNDA:0,(anonymous_6)
FNDA:0,(anonymous_7)
FNDA:0,(anonymous_8)
FNDA:8,useTheme
DA:3,1
DA:13,1
DA:15,2
DA:16,4
DA:17,4
DA:18,4
DA:21,4
DA:22,0
DA:25,0
DA:26,0
DA:27,0
DA:31,0
DA:32,0
DA:33,0
DA:34,0
DA:38,0
DA:39,0
DA:43,4
DA:44,0
DA:48,0
DA:49,0
DA:50,0
DA:52,0
DA:55,0
DA:58,0
DA:59,0
DA:60,0
DA:62,0
DA:66,4
DA:67,0
DA:68,0
DA:72,4
DA:83,8
DA:84,8
DA:85,8
DA:86,8
DA:88,0
LF:37
LH:14
BRDA:26,0,0,0
BRDA:26,0,1,0
BRDA:33,1,0,0
BRDA:33,1,1,0
BRDA:34,2,0,0
BRDA:34,2,1,0
BRDA:44,3,0,0
BRDA:44,3,1,0
BRDA:48,4,0,0
BRDA:48,4,1,0
BRDA:50,5,0,0
BRDA:50,5,1,0
BRDA:59,6,0,0
BRDA:59,6,1,0
BRDA:72,7,0,4
BRDA:72,7,1,0
BRDA:85,8,0,8
BRDA:85,8,1,0
BRF:18
BRH:2
end_of_record
TN:
SF:hooks/useIdleTimer.ts
FN:11,useIdleTimer
FN:22,(anonymous_2)
FN:38,(anonymous_3)
FN:45,(anonymous_4)
FN:50,(anonymous_5)
FN:56,(anonymous_6)
FN:60,(anonymous_7)
FN:67,(anonymous_8)
FN:68,(anonymous_9)
FNF:9
FNH:0
FNDA:0,useIdleTimer
FNDA:0,(anonymous_2)
FNDA:0,(anonymous_3)
FNDA:0,(anonymous_4)
FNDA:0,(anonymous_5)
FNDA:0,(anonymous_6)
FNDA:0,(anonymous_7)
FNDA:0,(anonymous_8)
FNDA:0,(anonymous_9)
DA:1,0
DA:11,0
DA:18,0
DA:19,0
DA:20,0
DA:22,0
DA:23,0
DA:25,0
DA:26,0
DA:29,0
DA:30,0
DA:32,0
DA:33,0
DA:37,0
DA:38,0
DA:39,0
DA:40,0
DA:45,0
DA:46,0
DA:50,0
DA:51,0
DA:54,0
DA:56,0
DA:57,0
DA:60,0
DA:61,0
DA:65,0
DA:67,0
DA:68,0
DA:69,0
DA:71,0
DA:72,0
DA:74,0
DA:75,0
DA:80,0
LF:35
LH:0
BRDA:15,0,0,0
BRDA:16,1,0,0
BRDA:23,2,0,0
BRDA:23,2,1,0
BRDA:29,3,0,0
BRDA:29,3,1,0
BRDA:32,4,0,0
BRDA:32,4,1,0
BRDA:37,5,0,0
BRDA:37,5,1,0
BRDA:51,6,0,0
BRDA:51,6,1,0
BRDA:71,7,0,0
BRDA:71,7,1,0
BRDA:74,8,0,0
BRDA:74,8,1,0
BRF:16
BRH:0
end_of_record
TN:
SF:lib/api/auth.ts
FN:29,(anonymous_14)
FN:42,apiRequest
FN:73,(anonymous_16)
FN:100,login
FN:132,logout
FN:149,send2FACode
FN:161,verify2FACode
FN:195,verifyToken
FN:208,getToken
FN:213,setToken
FN:218,getRefreshToken
FN:223,setRefreshToken
FN:228,getUserInfo
FN:234,setUserInfo
FN:239,clearAuthData
FNF:15
FNH:8
FNDA:2,(anonymous_14)
FNDA:4,apiRequest
FNDA:0,(anonymous_16)
FNDA:4,login
FNDA:0,logout
FNDA:0,send2FACode
FNDA:0,verify2FACode
FNDA:0,verifyToken
FNDA:7,getToken
FNDA:1,setToken
FNDA:0,getRefreshToken
FNDA:0,setRefreshToken
FNDA:3,getUserInfo
FNDA:1,setUserInfo
FNDA:5,clearAuthData
DA:9,3
DA:13,3
DA:16,3
DA:17,3
DA:18,3
DA:23,2
DA:30,2
DA:31,2
DA:32,2
DA:33,2
DA:34,2
DA:35,2
DA:46,4
DA:49,4
DA:50,4
DA:51,4
DA:56,4
DA:57,0
DA:61,4
DA:62,0
DA:65,4
DA:66,4
DA:72,3
DA:73,2
DA:74,2
DA:83,1
DA:84,1
DA:86,2
DA:87,2
DA:90,0
DA:100,4
DA:105,4
DA:107,4
DA:113,1
DA:114,1
DA:115,1
DA:116,0
DA:118,1
DA:119,1
DA:126,1
DA:132,0
DA:133,0
DA:134,0
DA:139,0
DA:142,0
DA:149,0
DA:152,0
DA:161,0
DA:164,0
DA:165,0
DA:171,0
DA:172,0
DA:174,0
DA:175,0
DA:176,0
DA:180,0
DA:183,0
DA:186,0
DA:188,0
DA:195,0
DA:196,0
DA:197,0
DA:200,0
DA:202,0
DA:208,3
DA:209,7
DA:210,7
DA:213,0
DA:214,1
DA:215,1
DA:218,0
DA:219,0
DA:220,0
DA:223,0
DA:224,0
DA:225,0
DA:228,3
DA:229,3
DA:230,3
DA:231,3
DA:234,0
DA:235,1
DA:236,1
DA:239,1
DA:240,5
DA:241,5
DA:242,5
DA:243,5
LF:88
LH:52
BRDA:13,0,0,3
BRDA:13,0,1,3
BRDA:44,1,0,0
BRDA:56,2,0,0
BRDA:56,2,1,4
BRDA:61,3,0,0
BRDA:61,3,1,4
BRDA:72,4,0,2
BRDA:72,4,1,1
BRDA:74,5,0,2
BRDA:74,5,1,0
BRDA:75,6,0,2
BRDA:75,6,1,0
BRDA:86,7,0,2
BRDA:86,7,1,0
BRDA:113,8,0,1
BRDA:113,8,1,0
BRDA:113,9,0,1
BRDA:113,9,1,1
BRDA:115,10,0,0
BRDA:115,10,1,1
BRDA:118,11,0,1
BRDA:118,11,1,0
BRDA:171,12,0,0
BRDA:171,12,1,0
BRDA:171,13,0,0
BRDA:171,13,1,0
BRDA:175,14,0,0
BRDA:175,14,1,0
BRDA:183,15,0,0
BRDA:183,15,1,0
BRDA:209,16,0,0
BRDA:209,16,1,7
BRDA:214,17,0,0
BRDA:214,17,1,1
BRDA:219,18,0,0
BRDA:219,18,1,0
BRDA:224,19,0,0
BRDA:224,19,1,0
BRDA:229,20,0,0
BRDA:229,20,1,3
BRDA:231,21,0,1
BRDA:231,21,1,2
BRDA:235,22,0,0
BRDA:235,22,1,1
BRDA:240,23,0,0
BRDA:240,23,1,5
BRF:47
BRH:21
end_of_record
TN:
SF:lib/api/dashboard.ts
FN:18,getDashboardData
FN:33,(anonymous_2)
FN:35,(anonymous_3)
FNF:3
FNH:0
FNDA:0,getDashboardData
FNDA:0,(anonymous_2)
FNDA:0,(anonymous_3)
DA:2,0
DA:5,0
DA:18,0
DA:33,0
DA:35,0
DA:36,0
LF:6
LH:0
BRDA:5,0,0,0
BRDA:5,0,1,0
BRF:2
BRH:0
end_of_record
TN:
SF:lib/config/dataTableConfig.ts
FNF:0
FNH:0
DA:9,10
DA:10,9
DA:13,382
DA:46,1
DA:67,1
DA:79,1
LF:6
LH:6
BRF:0
BRH:0
end_of_record
TN:
SF:lib/mocks/dashboardMock.ts
FN:71,generateMockDashboardData
FNF:1
FNH:0
FNDA:0,generateMockDashboardData
DA:71,0
DA:72,0
LF:2
LH:0
BRF:0
BRH:0
end_of_record
TN:
SF:lib/security/csrf.ts
FN:9,generateCSRFToken
FN:12,(anonymous_7)
FN:18,verifyCSRFToken
FN:26,storeCSRFToken
FN:34,getStoredCSRFToken
FN:42,clearCSRFToken
FNF:6
FNH:1
FNDA:0,generateCSRFToken
FNDA:0,(anonymous_7)
FNDA:0,verifyCSRFToken
FNDA:0,storeCSRFToken
FNDA:4,getStoredCSRFToken
FNDA:0,clearCSRFToken
DA:9,0
DA:10,0
DA:11,0
DA:12,0
DA:18,0
DA:19,0
DA:20,0
DA:26,0
DA:27,0
DA:28,0
DA:34,4
DA:35,4
DA:36,4
DA:42,0
DA:43,0
DA:44,0
LF:16
LH:3
BRDA:19,0,0,0
BRDA:19,0,1,0
BRDA:27,1,0,0
BRDA:27,1,1,0
BRDA:35,2,0,0
BRDA:35,2,1,4
BRDA:43,3,0,0
BRDA:43,3,1,0
BRF:8
BRH:1
end_of_record
TN:
SF:lib/security/securityCheck.ts
FN:9,checkHTTPS
FN:26,getCSRFToken
FN:38,validateSensitiveDataProtection
FN:50,(anonymous_11)
FN:76,sanitizeInput
FN:91,validateErrorMessages
FN:119,validateSessionFixationProtection
FN:130,runSecurityChecks
FNF:8
FNH:2
FNDA:0,checkHTTPS
FNDA:0,getCSRFToken
FNDA:3,validateSensitiveDataProtection
FNDA:0,(anonymous_11)
FNDA:2,sanitizeInput
FNDA:0,validateErrorMessages
FNDA:0,validateSessionFixationProtection
FNDA:0,runSecurityChecks
DA:9,0
DA:10,0
DA:12,0
DA:13,0
DA:15,0
DA:16,0
DA:17,0
DA:20,0
DA:26,0
DA:29,0
DA:31,0
DA:32,0
DA:38,3
DA:43,3
DA:45,3
DA:46,0
DA:50,3
DA:51,0
DA:52,0
DA:56,3
DA:58,3
DA:59,0
DA:62,3
DA:63,0
DA:66,3
DA:76,2
DA:77,2
DA:80,2
DA:91,0
DA:95,0
DA:101,0
DA:109,0
DA:119,0
DA:124,0
DA:130,0
DA:139,0
DA:140,0
DA:141,0
DA:142,0
DA:143,0
DA:144,0
DA:147,0
DA:152,0
LF:43
LH:11
BRDA:10,0,0,0
BRDA:10,0,1,0
BRDA:15,1,0,0
BRDA:15,1,1,0
BRDA:15,2,0,0
BRDA:15,2,1,0
BRDA:29,3,0,0
BRDA:29,3,1,0
BRDA:32,4,0,0
BRDA:32,4,1,0
BRDA:45,5,0,0
BRDA:45,5,1,3
BRDA:52,6,0,0
BRDA:52,6,1,0
BRDA:52,6,2,0
BRDA:58,7,0,0
BRDA:58,7,1,3
BRDA:62,8,0,0
BRDA:62,8,1,3
BRDA:77,9,0,0
BRDA:77,9,1,2
BRDA:147,10,0,0
BRDA:147,10,1,0
BRDA:147,10,2,0
BRDA:147,10,3,0
BRF:25
BRH:4
end_of_record
TN:
SF:lib/services/auditService.ts
FN:34,getClientIP
FN:43,generateTrackingId
FN:50,logAuditEvent
FN:98,logLoginSuccess
FN:109,logLoginFailed
FN:125,logLoginLocked
FN:137,logLogout
FN:147,log2FASend
FN:158,log2FAVerifySuccess
FN:168,log2FAVerifyFailed
FN:182,logAutoLogout
FN:192,logSessionExtended
FNF:12
FNH:6
FNDA:3,getClientIP
FNDA:3,generateTrackingId
FNDA:3,logAuditEvent
FNDA:1,logLoginSuccess
FNDA:1,logLoginFailed
FNDA:1,logLoginLocked
FNDA:0,logLogout
FNDA:0,log2FASend
FNDA:0,log2FAVerifySuccess
FNDA:0,log2FAVerifyFailed
FNDA:0,logAutoLogout
FNDA:0,logSessionExtended
DA:1,2
DA:4,2
DA:37,3
DA:44,3
DA:50,0
DA:51,3
DA:52,3
DA:53,3
DA:56,3
DA:57,0
DA:60,3
DA:71,3
DA:72,3
DA:76,3
DA:77,1
DA:80,3
DA:87,0
DA:91,0
DA:98,1
DA:99,1
DA:109,1
DA:114,1
DA:125,1
DA:126,1
DA:137,0
DA:138,0
DA:147,0
DA:148,0
DA:158,0
DA:159,0
DA:168,0
DA:172,0
DA:182,0
DA:183,0
DA:192,0
DA:193,0
LF:36
LH:20
BRDA:4,0,0,2
BRDA:4,0,1,2
BRDA:37,1,0,3
BRDA:37,1,1,0
BRDA:56,2,0,0
BRDA:56,2,1,3
BRDA:56,3,0,3
BRDA:56,3,1,2
BRDA:62,4,0,3
BRDA:62,4,1,3
BRDA:63,5,0,3
BRDA:63,5,1,0
BRDA:64,6,0,3
BRDA:64,6,1,3
BRDA:65,7,0,3
BRDA:65,7,1,0
BRDA:67,8,0,3
BRDA:67,8,1,3
BRDA:76,9,0,1
BRDA:76,9,1,2
BRF:20
BRH:16
end_of_record
TN:
SF:lib/services/menuService.ts
FN:8,hasPermission
FN:18,(anonymous_5)
FN:29,(anonymous_6)
FN:42,filterMenuItems
FN:47,(anonymous_8)
FN:48,(anonymous_9)
FN:57,(anonymous_10)
FN:72,getFilteredMenus
FN:75,(anonymous_12)
FN:76,(anonymous_13)
FN:86,getAllMenus
FN:93,findMenuItemByPath
FN:108,findItemRecursive
FNF:13
FNH:12
FNDA:183,hasPermission
FNDA:12,(anonymous_5)
FNDA:0,(anonymous_6)
FNDA:47,filterMenuItems
FNDA:159,(anonymous_8)
FNDA:159,(anonymous_9)
FNDA:159,(anonymous_10)
FNDA:3,getFilteredMenus
FNDA:24,(anonymous_12)
FNDA:15,(anonymous_13)
FNDA:1,getAllMenus
FNDA:2,findMenuItemByPath
FNDA:89,findItemRecursive
DA:1,1
DA:2,1
DA:12,183
DA:13,8
DA:17,175
DA:18,12
DA:19,12
DA:21,12
DA:22,1
DA:27,174
DA:28,0
DA:29,0
DA:31,0
DA:32,0
DA:36,174
DA:46,47
DA:47,159
DA:49,159
DA:50,32
DA:55,127
DA:59,159
DA:60,32
DA:62,127
DA:72,3
DA:73,3
DA:75,24
DA:76,15
DA:86,1
DA:87,1
DA:93,2
DA:97,2
DA:98,9
DA:99,38
DA:100,38
DA:101,1
DA:105,1
DA:109,89
DA:110,1
DA:113,88
DA:114,18
DA:115,51
DA:116,51
DA:117,1
DA:122,87
LF:44
LH:40
BRDA:12,0,0,8
BRDA:12,0,1,175
BRDA:17,1,0,12
BRDA:17,1,1,163
BRDA:17,2,0,175
BRDA:17,2,1,12
BRDA:21,3,0,1
BRDA:21,3,1,11
BRDA:27,4,0,0
BRDA:27,4,1,174
BRDA:27,5,0,174
BRDA:27,5,1,0
BRDA:31,6,0,0
BRDA:31,6,1,0
BRDA:49,7,0,32
BRDA:49,7,1,127
BRDA:49,8,0,159
BRDA:49,8,1,32
BRDA:59,9,0,32
BRDA:59,9,1,127
BRDA:59,10,0,159
BRDA:59,10,1,32
BRDA:95,11,0,2
BRDA:100,12,0,1
BRDA:100,12,1,37
BRDA:109,13,0,1
BRDA:109,13,1,88
BRDA:113,14,0,18
BRDA:113,14,1,70
BRDA:116,15,0,1
BRDA:116,15,1,50
BRF:31
BRH:27
end_of_record
TN:
SF:lib/validations/loginSchema.ts
FN:4,(anonymous_1)
FN:61,(anonymous_2)
FN:70,(anonymous_3)
FNF:3
FNH:2
FNDA:0,(anonymous_1)
FNDA:25,(anonymous_2)
FNDA:25,(anonymous_3)
DA:1,3
DA:4,3
DA:7,0
DA:9,0
DA:10,0
DA:12,0
DA:14,0
DA:16,0
DA:17,0
DA:18,0
DA:19,0
DA:21,0
DA:23,0
DA:25,0
DA:26,0
DA:27,0
DA:28,0
DA:30,0
DA:32,0
DA:34,0
DA:35,0
DA:36,0
DA:37,0
DA:39,0
DA:41,0
DA:43,0
DA:46,0
DA:50,3
DA:53,186
DA:61,25
DA:70,25
LF:31
LH:6
BRDA:7,0,0,0
BRDA:7,0,1,0
BRDA:7,0,2,0
BRDA:7,0,3,0
BRDA:7,0,4,0
BRDA:9,1,0,0
BRDA:9,1,1,0
BRDA:16,2,0,0
BRDA:16,2,1,0
BRDA:18,3,0,0
BRDA:18,3,1,0
BRDA:25,4,0,0
BRDA:25,4,1,0
BRDA:27,5,0,0
BRDA:27,5,1,0
BRDA:34,6,0,0
BRDA:34,6,1,0
BRDA:36,7,0,0
BRDA:36,7,1,0
BRF:19
BRH:0
end_of_record
